#
# There is insufficient memory for the Java Runtime Environment to continue.
# Native memory allocation (malloc) failed to allocate 519216 bytes for Chunk::new
# Possible reasons:
#   The system is out of physical RAM or swap space
#   The process is running with CompressedOops enabled, and the Java Heap may be blocking the growth of the native heap
# Possible solutions:
#   Reduce memory load on the system
#   Increase physical memory or swap space
#   Check if swap backing store is full
#   Decrease Java heap size (-Xmx/-Xms)
#   Decrease number of Java threads
#   Decrease Java thread stack sizes (-Xss)
#   Set larger code cache with -XX:ReservedCodeCacheSize=
#   JVM is running with Unscaled Compressed Oops mode in which the Java heap is
#     placed in the first 4GB address space. The Java Heap base address is the
#     maximum limit for the native heap growth. Please use -XX:HeapBaseMinAddress
#     to set the Java Heap base and to place the Java Heap above 4GB virtual address.
# This output file may be truncated or incomplete.
#
#  Out of Memory Error (arena.cpp:189), pid=6452, tid=9692
#
# JRE version: Java(TM) SE Runtime Environment (17.0.6+9) (build 17.0.6+9-LTS-190)
# Java VM: Java HotSpot(TM) 64-Bit Server VM (17.0.6+9-LTS-190, mixed mode, sharing, tiered, compressed oops, compressed class ptrs, g1 gc, windows-amd64)
# No core dump will be written. Minidumps are not enabled by default on client versions of Windows
#

---------------  S U M M A R Y ------------

Command Line: -agentlib:jdwp=transport=dt_socket,address=127.0.0.1:62459,suspend=y,server=n -javaagent:C:\Users\dell\AppData\Local\JetBrains\IdeaIC2025.1\captureAgent\debugger-agent.jar=file:///C:/Users/dell/AppData/Local/Temp/capture2612444574819378762.props -Dkotlinx.coroutines.debug.enable.creation.stack.trace=false -Ddebugger.agent.enable.coroutines=true -Dkotlinx.coroutines.debug.enable.flows.stack.trace=true -Dkotlinx.coroutines.debug.enable.mutable.state.flows.stack.trace=true -Dfile.encoding=UTF-8 com.employee.myapp.MyappApplication

Host: Intel(R) Core(TM) i3-4030U CPU @ 1.90GHz, 4 cores, 3G,  Windows 10 , 64 bit Build 19041 (10.0.19041.5794)
Time: Thu May 29 18:51:46 2025 India Standard Time elapsed time: 13.288873 seconds (0d 0h 0m 13s)

---------------  T H R E A D  ---------------

Current thread (0x00000224fe920e70):  JavaThread "C2 CompilerThread0" daemon [_thread_in_native, id=9692, stack(0x000000ca59d00000,0x000000ca59e00000)]


Current CompileTask:
C2:  13289 2003       4       java.util.HashSet::add (20 bytes)

Stack: [0x000000ca59d00000,0x000000ca59e00000]
Native frames: (J=compiled Java code, j=interpreted, Vv=VM code, C=native code)
V  [jvm.dll+0x6734ea]
V  [jvm.dll+0x7d18f4]
V  [jvm.dll+0x7d309e]
V  [jvm.dll+0x7d3703]
V  [jvm.dll+0x2433c5]
V  [jvm.dll+0xaa46b]
V  [jvm.dll+0xaaa0c]
V  [jvm.dll+0x35eb2e]
V  [jvm.dll+0x329401]
V  [jvm.dll+0x32889a]
V  [jvm.dll+0x215ddf]
V  [jvm.dll+0x215211]
V  [jvm.dll+0x1a1730]
V  [jvm.dll+0x224b6e]
V  [jvm.dll+0x222f15]
V  [jvm.dll+0x78753c]
V  [jvm.dll+0x781a7a]
V  [jvm.dll+0x672375]
C  [ucrtbase.dll+0x21bb2]
C  [KERNEL32.DLL+0x17374]
C  [ntdll.dll+0x4cc91]


---------------  P R O C E S S  ---------------

Threads class SMR info:
_java_thread_list=0x00000224916694e0, length=17, elements={
0x00000224f46c6c30, 0x00000224fe9072c0, 0x00000224fe907e40, 0x00000224fe917b10,
0x00000224fe9183d0, 0x00000224fe91a4b0, 0x00000224fe91cd80, 0x00000224fe920e70,
0x00000224fe92a040, 0x00000224fe93b100, 0x00000224fe8f0090, 0x00000224ff5caae0,
0x00000224ff5cb980, 0x00000224ff571000, 0x00000224ff5940f0, 0x00000224ff6caad0,
0x000002249108c370
}

Java Threads: ( => current thread )
  0x00000224f46c6c30 JavaThread "main" [_thread_in_vm, id=15672, stack(0x000000ca59000000,0x000000ca59100000)]
  0x00000224fe9072c0 JavaThread "Reference Handler" daemon [_thread_blocked, id=12040, stack(0x000000ca59700000,0x000000ca59800000)]
  0x00000224fe907e40 JavaThread "Finalizer" daemon [_thread_blocked, id=15748, stack(0x000000ca59800000,0x000000ca59900000)]
  0x00000224fe917b10 JavaThread "Signal Dispatcher" daemon [_thread_blocked, id=10992, stack(0x000000ca59900000,0x000000ca59a00000)]
  0x00000224fe9183d0 JavaThread "Attach Listener" daemon [_thread_blocked, id=17404, stack(0x000000ca59a00000,0x000000ca59b00000)]
  0x00000224fe91a4b0 JavaThread "Service Thread" daemon [_thread_blocked, id=16564, stack(0x000000ca59b00000,0x000000ca59c00000)]
  0x00000224fe91cd80 JavaThread "Monitor Deflation Thread" daemon [_thread_blocked, id=17640, stack(0x000000ca59c00000,0x000000ca59d00000)]
=>0x00000224fe920e70 JavaThread "C2 CompilerThread0" daemon [_thread_in_native, id=9692, stack(0x000000ca59d00000,0x000000ca59e00000)]
  0x00000224fe92a040 JavaThread "C1 CompilerThread0" daemon [_thread_blocked, id=2776, stack(0x000000ca59e00000,0x000000ca59f00000)]
  0x00000224fe93b100 JavaThread "Sweeper thread" daemon [_thread_blocked, id=4300, stack(0x000000ca59f00000,0x000000ca5a000000)]
  0x00000224fe8f0090 JavaThread "Common-Cleaner" daemon [_thread_blocked, id=6564, stack(0x000000ca5a000000,0x000000ca5a100000)]
  0x00000224ff5caae0 JavaThread "JDWP Transport Listener: dt_socket" daemon [_thread_in_native, id=17472, stack(0x000000ca5a100000,0x000000ca5a200000)]
  0x00000224ff5cb980 JavaThread "JDWP Event Helper Thread" daemon [_thread_in_native, id=6948, stack(0x000000ca5a200000,0x000000ca5a300000)]
  0x00000224ff571000 JavaThread "JDWP Command Reader" daemon [_thread_in_native, id=9276, stack(0x000000ca5a300000,0x000000ca5a400000)]
  0x00000224ff5940f0 JavaThread "IntelliJ Suspend Helper" daemon [_thread_blocked, id=7456, stack(0x000000ca5a400000,0x000000ca5a500000)]
  0x00000224ff6caad0 JavaThread "Notification Thread" daemon [_thread_blocked, id=12004, stack(0x000000ca5a500000,0x000000ca5a600000)]
  0x000002249108c370 JavaThread "background-preinit" [_thread_in_Java, id=14840, stack(0x000000ca5aa00000,0x000000ca5ab00000)]

Other Threads:
  0x00000224fe8fe7c0 VMThread "VM Thread" [stack: 0x000000ca59600000,0x000000ca59700000] [id=16736]
  0x00000224ff5931e0 WatcherThread [stack: 0x000000ca5a600000,0x000000ca5a700000] [id=17232]
  0x00000224f47041f0 GCTaskThread "GC Thread#0" [stack: 0x000000ca59100000,0x000000ca59200000] [id=18324]
  0x00000224fff98470 GCTaskThread "GC Thread#1" [stack: 0x000000ca5a700000,0x000000ca5a800000] [id=17460]
  0x00000224fffafc20 GCTaskThread "GC Thread#2" [stack: 0x000000ca5a800000,0x000000ca5a900000] [id=1928]
  0x00000224ffbe6b00 GCTaskThread "GC Thread#3" [stack: 0x000000ca5a900000,0x000000ca5aa00000] [id=11088]
  0x00000224f472c740 ConcurrentGCThread "G1 Main Marker" [stack: 0x000000ca59200000,0x000000ca59300000] [id=8760]
  0x00000224f472e100 ConcurrentGCThread "G1 Conc#0" [stack: 0x000000ca59300000,0x000000ca59400000] [id=14140]
  0x00000224f477cfe0 ConcurrentGCThread "G1 Refine#0" [stack: 0x000000ca59400000,0x000000ca59500000] [id=16252]
  0x00000224f477d810 ConcurrentGCThread "G1 Service" [stack: 0x000000ca59500000,0x000000ca59600000] [id=7812]

Threads with active compile tasks:
C2 CompilerThread0    13390 2003       4       java.util.HashSet::add (20 bytes)

VM state: not at safepoint (normal execution)

VM Mutex/Monitor currently owned by a thread: None

Heap address: 0x00000000c1600000, size: 1002 MB, Compressed Oops mode: 32-bit

CDS archive(s) mapped at: [0x0000000800000000-0x0000000800bd0000-0x0000000800bd0000), size 12386304, SharedBaseAddress: 0x0000000800000000, ArchiveRelocationMode: 0.
Compressed class space mapped at: 0x0000000800c00000-0x0000000840c00000, reserved size: 1073741824
Narrow klass base: 0x0000000800000000, Narrow klass shift: 0, Narrow klass range: 0x100000000

GC Precious Log:
 CPUs: 4 total, 4 available
 Memory: 4000M
 Large Page Support: Disabled
 NUMA Support: Disabled
 Compressed Oops: Enabled (32-bit)
 Heap Region Size: 1M
 Heap Min Capacity: 8M
 Heap Initial Capacity: 64M
 Heap Max Capacity: 1002M
 Pre-touch: Disabled
 Parallel Workers: 4
 Concurrent Workers: 1
 Concurrent Refinement Workers: 4
 Periodic GC: Disabled

Heap:
 garbage-first heap   total 65536K, used 32799K [0x00000000c1600000, 0x0000000100000000)
  region size 1024K, 29 young (29696K), 3 survivors (3072K)
 Metaspace       used 19936K, committed 20096K, reserved 1073152K
  class space    used 2308K, committed 2368K, reserved 1048576K

Heap Regions: E=young(eden), S=young(survivor), O=old, HS=humongous(starts), HC=humongous(continues), CS=collection set, F=free, OA=open archive, CA=closed archive, TAMS=top-at-mark-start (previous, next)
|   0|0x00000000c1600000, 0x00000000c1700000, 0x00000000c1700000|100%|HS|  |TAMS 0x00000000c1600000, 0x00000000c1600000| Complete 
|   1|0x00000000c1700000, 0x00000000c1800000, 0x00000000c1800000|100%| O|  |TAMS 0x00000000c1700000, 0x00000000c1700000| Untracked 
|   2|0x00000000c1800000, 0x00000000c1900000, 0x00000000c1900000|100%| O|  |TAMS 0x00000000c1800000, 0x00000000c1800000| Untracked 
|   3|0x00000000c1900000, 0x00000000c1a00000, 0x00000000c1a00000|100%| O|  |TAMS 0x00000000c1900000, 0x00000000c1900000| Untracked 
|   4|0x00000000c1a00000, 0x00000000c1b00000, 0x00000000c1b00000|100%| O|  |TAMS 0x00000000c1a00000, 0x00000000c1a00000| Untracked 
|   5|0x00000000c1b00000, 0x00000000c1c00000, 0x00000000c1c00000|100%| O|  |TAMS 0x00000000c1b00000, 0x00000000c1b00000| Untracked 
|   6|0x00000000c1c00000, 0x00000000c1c00000, 0x00000000c1d00000|  0%| F|  |TAMS 0x00000000c1c00000, 0x00000000c1c00000| Untracked 
|   7|0x00000000c1d00000, 0x00000000c1d00000, 0x00000000c1e00000|  0%| F|  |TAMS 0x00000000c1d00000, 0x00000000c1d00000| Untracked 
|   8|0x00000000c1e00000, 0x00000000c1e00000, 0x00000000c1f00000|  0%| F|  |TAMS 0x00000000c1e00000, 0x00000000c1e00000| Untracked 
|   9|0x00000000c1f00000, 0x00000000c1f00000, 0x00000000c2000000|  0%| F|  |TAMS 0x00000000c1f00000, 0x00000000c1f00000| Untracked 
|  10|0x00000000c2000000, 0x00000000c2000000, 0x00000000c2100000|  0%| F|  |TAMS 0x00000000c2000000, 0x00000000c2000000| Untracked 
|  11|0x00000000c2100000, 0x00000000c2100000, 0x00000000c2200000|  0%| F|  |TAMS 0x00000000c2100000, 0x00000000c2100000| Untracked 
|  12|0x00000000c2200000, 0x00000000c2200000, 0x00000000c2300000|  0%| F|  |TAMS 0x00000000c2200000, 0x00000000c2200000| Untracked 
|  13|0x00000000c2300000, 0x00000000c2300000, 0x00000000c2400000|  0%| F|  |TAMS 0x00000000c2300000, 0x00000000c2300000| Untracked 
|  14|0x00000000c2400000, 0x00000000c2400000, 0x00000000c2500000|  0%| F|  |TAMS 0x00000000c2400000, 0x00000000c2400000| Untracked 
|  15|0x00000000c2500000, 0x00000000c2500000, 0x00000000c2600000|  0%| F|  |TAMS 0x00000000c2500000, 0x00000000c2500000| Untracked 
|  16|0x00000000c2600000, 0x00000000c2600000, 0x00000000c2700000|  0%| F|  |TAMS 0x00000000c2600000, 0x00000000c2600000| Untracked 
|  17|0x00000000c2700000, 0x00000000c2700000, 0x00000000c2800000|  0%| F|  |TAMS 0x00000000c2700000, 0x00000000c2700000| Untracked 
|  18|0x00000000c2800000, 0x00000000c2800000, 0x00000000c2900000|  0%| F|  |TAMS 0x00000000c2800000, 0x00000000c2800000| Untracked 
|  19|0x00000000c2900000, 0x00000000c2900000, 0x00000000c2a00000|  0%| F|  |TAMS 0x00000000c2900000, 0x00000000c2900000| Untracked 
|  20|0x00000000c2a00000, 0x00000000c2a00000, 0x00000000c2b00000|  0%| F|  |TAMS 0x00000000c2a00000, 0x00000000c2a00000| Untracked 
|  21|0x00000000c2b00000, 0x00000000c2b00000, 0x00000000c2c00000|  0%| F|  |TAMS 0x00000000c2b00000, 0x00000000c2b00000| Untracked 
|  22|0x00000000c2c00000, 0x00000000c2c00000, 0x00000000c2d00000|  0%| F|  |TAMS 0x00000000c2c00000, 0x00000000c2c00000| Untracked 
|  23|0x00000000c2d00000, 0x00000000c2d00000, 0x00000000c2e00000|  0%| F|  |TAMS 0x00000000c2d00000, 0x00000000c2d00000| Untracked 
|  24|0x00000000c2e00000, 0x00000000c2e00000, 0x00000000c2f00000|  0%| F|  |TAMS 0x00000000c2e00000, 0x00000000c2e00000| Untracked 
|  25|0x00000000c2f00000, 0x00000000c2f00000, 0x00000000c3000000|  0%| F|  |TAMS 0x00000000c2f00000, 0x00000000c2f00000| Untracked 
|  26|0x00000000c3000000, 0x00000000c3000000, 0x00000000c3100000|  0%| F|  |TAMS 0x00000000c3000000, 0x00000000c3000000| Untracked 
|  27|0x00000000c3100000, 0x00000000c3100000, 0x00000000c3200000|  0%| F|  |TAMS 0x00000000c3100000, 0x00000000c3100000| Untracked 
|  28|0x00000000c3200000, 0x00000000c3200000, 0x00000000c3300000|  0%| F|  |TAMS 0x00000000c3200000, 0x00000000c3200000| Untracked 
|  29|0x00000000c3300000, 0x00000000c3300000, 0x00000000c3400000|  0%| F|  |TAMS 0x00000000c3300000, 0x00000000c3300000| Untracked 
|  30|0x00000000c3400000, 0x00000000c3400000, 0x00000000c3500000|  0%| F|  |TAMS 0x00000000c3400000, 0x00000000c3400000| Untracked 
|  31|0x00000000c3500000, 0x00000000c3500000, 0x00000000c3600000|  0%| F|  |TAMS 0x00000000c3500000, 0x00000000c3500000| Untracked 
|  32|0x00000000c3600000, 0x00000000c3600000, 0x00000000c3700000|  0%| F|  |TAMS 0x00000000c3600000, 0x00000000c3600000| Untracked 
|  33|0x00000000c3700000, 0x00000000c3700000, 0x00000000c3800000|  0%| F|  |TAMS 0x00000000c3700000, 0x00000000c3700000| Untracked 
|  34|0x00000000c3800000, 0x00000000c3800000, 0x00000000c3900000|  0%| F|  |TAMS 0x00000000c3800000, 0x00000000c3800000| Untracked 
|  35|0x00000000c3900000, 0x00000000c39f84c0, 0x00000000c3a00000| 96%| E|  |TAMS 0x00000000c3900000, 0x00000000c3900000| Complete 
|  36|0x00000000c3a00000, 0x00000000c3b00000, 0x00000000c3b00000|100%| E|CS|TAMS 0x00000000c3a00000, 0x00000000c3a00000| Complete 
|  37|0x00000000c3b00000, 0x00000000c3c00000, 0x00000000c3c00000|100%| E|CS|TAMS 0x00000000c3b00000, 0x00000000c3b00000| Complete 
|  38|0x00000000c3c00000, 0x00000000c3c07e18, 0x00000000c3d00000|  3%| S|CS|TAMS 0x00000000c3c00000, 0x00000000c3c00000| Complete 
|  39|0x00000000c3d00000, 0x00000000c3e00000, 0x00000000c3e00000|100%| S|CS|TAMS 0x00000000c3d00000, 0x00000000c3d00000| Complete 
|  40|0x00000000c3e00000, 0x00000000c3f00000, 0x00000000c3f00000|100%| S|CS|TAMS 0x00000000c3e00000, 0x00000000c3e00000| Complete 
|  41|0x00000000c3f00000, 0x00000000c4000000, 0x00000000c4000000|100%| E|CS|TAMS 0x00000000c3f00000, 0x00000000c3f00000| Complete 
|  42|0x00000000c4000000, 0x00000000c4100000, 0x00000000c4100000|100%| E|CS|TAMS 0x00000000c4000000, 0x00000000c4000000| Complete 
|  43|0x00000000c4100000, 0x00000000c4200000, 0x00000000c4200000|100%| E|CS|TAMS 0x00000000c4100000, 0x00000000c4100000| Complete 
|  44|0x00000000c4200000, 0x00000000c4300000, 0x00000000c4300000|100%| E|CS|TAMS 0x00000000c4200000, 0x00000000c4200000| Complete 
|  45|0x00000000c4300000, 0x00000000c4400000, 0x00000000c4400000|100%| E|CS|TAMS 0x00000000c4300000, 0x00000000c4300000| Complete 
|  46|0x00000000c4400000, 0x00000000c4500000, 0x00000000c4500000|100%| E|CS|TAMS 0x00000000c4400000, 0x00000000c4400000| Complete 
|  47|0x00000000c4500000, 0x00000000c4600000, 0x00000000c4600000|100%| E|CS|TAMS 0x00000000c4500000, 0x00000000c4500000| Complete 
|  48|0x00000000c4600000, 0x00000000c4700000, 0x00000000c4700000|100%| E|CS|TAMS 0x00000000c4600000, 0x00000000c4600000| Complete 
|  49|0x00000000c4700000, 0x00000000c4800000, 0x00000000c4800000|100%| E|  |TAMS 0x00000000c4700000, 0x00000000c4700000| Complete 
|  50|0x00000000c4800000, 0x00000000c4900000, 0x00000000c4900000|100%| E|CS|TAMS 0x00000000c4800000, 0x00000000c4800000| Complete 
|  51|0x00000000c4900000, 0x00000000c4a00000, 0x00000000c4a00000|100%| E|CS|TAMS 0x00000000c4900000, 0x00000000c4900000| Complete 
|  52|0x00000000c4a00000, 0x00000000c4b00000, 0x00000000c4b00000|100%| E|CS|TAMS 0x00000000c4a00000, 0x00000000c4a00000| Complete 
|  53|0x00000000c4b00000, 0x00000000c4c00000, 0x00000000c4c00000|100%| E|CS|TAMS 0x00000000c4b00000, 0x00000000c4b00000| Complete 
|  54|0x00000000c4c00000, 0x00000000c4d00000, 0x00000000c4d00000|100%| E|CS|TAMS 0x00000000c4c00000, 0x00000000c4c00000| Complete 
|  55|0x00000000c4d00000, 0x00000000c4e00000, 0x00000000c4e00000|100%| E|CS|TAMS 0x00000000c4d00000, 0x00000000c4d00000| Complete 
|  56|0x00000000c4e00000, 0x00000000c4f00000, 0x00000000c4f00000|100%| E|CS|TAMS 0x00000000c4e00000, 0x00000000c4e00000| Complete 
|  57|0x00000000c4f00000, 0x00000000c5000000, 0x00000000c5000000|100%| E|CS|TAMS 0x00000000c4f00000, 0x00000000c4f00000| Complete 
|  58|0x00000000c5000000, 0x00000000c5100000, 0x00000000c5100000|100%| E|CS|TAMS 0x00000000c5000000, 0x00000000c5000000| Complete 
|  59|0x00000000c5100000, 0x00000000c5200000, 0x00000000c5200000|100%| E|CS|TAMS 0x00000000c5100000, 0x00000000c5100000| Complete 
|  60|0x00000000c5200000, 0x00000000c5300000, 0x00000000c5300000|100%| E|CS|TAMS 0x00000000c5200000, 0x00000000c5200000| Complete 
|  61|0x00000000c5300000, 0x00000000c5400000, 0x00000000c5400000|100%| E|CS|TAMS 0x00000000c5300000, 0x00000000c5300000| Complete 
|  62|0x00000000c5400000, 0x00000000c5500000, 0x00000000c5500000|100%| E|CS|TAMS 0x00000000c5400000, 0x00000000c5400000| Complete 
|  63|0x00000000c5500000, 0x00000000c5600000, 0x00000000c5600000|100%| E|CS|TAMS 0x00000000c5500000, 0x00000000c5500000| Complete 

Card table byte_map: [0x00000224fc140000,0x00000224fc340000] _byte_map_base: 0x00000224fbb35000

Marking Bits (Prev, Next): (CMBitMap*) 0x00000224f4704800, (CMBitMap*) 0x00000224f4704840
 Prev Bits: [0x00000224fc540000, 0x00000224fd4e8000)
 Next Bits: [0x00000224fd4f0000, 0x00000224fe498000)

Polling page: 0x00000224f3e90000

Metaspace:

Usage:
  Non-class:     17.21 MB used.
      Class:      2.25 MB used.
       Both:     19.47 MB used.

Virtual space:
  Non-class space:       24.00 MB reserved,      17.31 MB ( 72%) committed,  3 nodes.
      Class space:        1.00 GB reserved,       2.31 MB ( <1%) committed,  1 nodes.
             Both:        1.02 GB reserved,      19.62 MB (  2%) committed. 

Chunk freelists:
   Non-Class:  1.91 MB
       Class:  1.57 MB
        Both:  3.48 MB

MaxMetaspaceSize: unlimited
CompressedClassSpaceSize: 1.00 GB
Initial GC threshold: 21.00 MB
Current GC threshold: 21.00 MB
CDS: on
MetaspaceReclaimPolicy: balanced
 - commit_granule_bytes: 65536.
 - commit_granule_words: 8192.
 - virtual_space_node_default_size: 1048576.
 - enlarge_chunks_in_place: 1.
 - new_chunks_are_fully_committed: 0.
 - uncommit_free_chunks: 1.
 - use_allocation_guard: 0.
 - handle_deallocations: 1.


Internal statistics:

num_allocs_failed_limit: 0.
num_arena_births: 200.
num_arena_deaths: 0.
num_vsnodes_births: 4.
num_vsnodes_deaths: 0.
num_space_committed: 314.
num_space_uncommitted: 0.
num_chunks_returned_to_freelist: 0.
num_chunks_taken_from_freelist: 706.
num_chunk_merges: 0.
num_chunk_splits: 489.
num_chunks_enlarged: 392.
num_purges: 0.
num_inconsistent_stats: 0.

CodeHeap 'non-profiled nmethods': size=120000Kb used=728Kb max_used=728Kb free=119272Kb
 bounds [0x0000022487ad0000, 0x0000022487d40000, 0x000002248f000000]
CodeHeap 'profiled nmethods': size=120000Kb used=4154Kb max_used=4154Kb free=115845Kb
 bounds [0x0000022480000000, 0x0000022480410000, 0x0000022487530000]
CodeHeap 'non-nmethods': size=5760Kb used=1266Kb max_used=1310Kb free=4493Kb
 bounds [0x0000022487530000, 0x00000224877a0000, 0x0000022487ad0000]
 total_blobs=2526 nmethods=2032 adapters=406
 compilation: enabled
              stopped_count=0, restarted_count=0
 full_count=0

Compilation events (20 events):
Event: 13.242 Thread 0x00000224fe92a040 2015       3       java.nio.ByteBuffer::wrap (8 bytes)
Event: 13.243 Thread 0x00000224fe92a040 nmethod 2015 0x0000022480403010 code [0x00000224804031a0, 0x00000224804032e8]
Event: 13.243 Thread 0x00000224fe92a040 2016   !   3       java.nio.ByteBuffer::wrap (21 bytes)
Event: 13.243 Thread 0x00000224fe92a040 nmethod 2016 0x0000022480403390 code [0x0000022480403560, 0x0000022480403818]
Event: 13.245 Thread 0x00000224fe92a040 2017       3       org.springframework.asm.ClassReader::readUtf (161 bytes)
Event: 13.246 Thread 0x00000224fe92a040 nmethod 2017 0x0000022480403990 code [0x0000022480403b60, 0x0000022480404028]
Event: 13.250 Thread 0x00000224fe92a040 2018       3       sun.reflect.generics.parser.SignatureParser::parseTypeSignature (130 bytes)
Event: 13.250 Thread 0x00000224fe92a040 nmethod 2018 0x0000022480404310 code [0x00000224804044e0, 0x0000022480404988]
Event: 13.258 Thread 0x00000224fe92a040 2019       3       org.springframework.asm.ClassReader::readUtf (44 bytes)
Event: 13.258 Thread 0x00000224fe92a040 nmethod 2019 0x0000022480404a90 code [0x0000022480404c60, 0x0000022480405078]
Event: 13.259 Thread 0x00000224fe92a040 2020       3       org.springframework.asm.ClassReader::readUTF8 (23 bytes)
Event: 13.259 Thread 0x00000224fe92a040 nmethod 2020 0x0000022480405210 code [0x00000224804053c0, 0x0000022480405618]
Event: 13.261 Thread 0x00000224fe92a040 2022       3       java.lang.invoke.DirectMethodHandle$Holder::newInvokeSpecial (24 bytes)
Event: 13.261 Thread 0x00000224fe92a040 nmethod 2022 0x0000022480405710 code [0x0000022480405900, 0x00000224804060c8]
Event: 13.261 Thread 0x00000224fe92a040 2023       3       org.springframework.asm.ClassReader::readInt (52 bytes)
Event: 13.262 Thread 0x00000224fe92a040 nmethod 2023 0x0000022480406290 code [0x0000022480406420, 0x00000224804065f8]
Event: 13.266 Thread 0x00000224fe92a040 2024       3       java.util.HashSet::<init> (18 bytes)
Event: 13.266 Thread 0x00000224fe92a040 nmethod 2024 0x0000022480406710 code [0x00000224804068e0, 0x0000022480406ca8]
Event: 13.268 Thread 0x00000224fe92a040 2025       3       jdk.internal.misc.Unsafe::checkPrimitivePointer (19 bytes)
Event: 13.269 Thread 0x00000224fe92a040 nmethod 2025 0x0000022480406e90 code [0x00000224804070a0, 0x00000224804076e8]

GC Heap History (6 events):
Event: 7.501 GC heap before
{Heap before GC invocations=0 (full 0):
 garbage-first heap   total 65536K, used 13312K [0x00000000c1600000, 0x0000000100000000)
  region size 1024K, 13 young (13312K), 0 survivors (0K)
 Metaspace       used 4789K, committed 4864K, reserved 1056768K
  class space    used 419K, committed 448K, reserved 1048576K
}
Event: 7.561 GC heap after
{Heap after GC invocations=1 (full 0):
 garbage-first heap   total 65536K, used 6029K [0x00000000c1600000, 0x0000000100000000)
  region size 1024K, 2 young (2048K), 2 survivors (2048K)
 Metaspace       used 4789K, committed 4864K, reserved 1056768K
  class space    used 419K, committed 448K, reserved 1048576K
}
Event: 8.896 GC heap before
{Heap before GC invocations=1 (full 0):
 garbage-first heap   total 65536K, used 17293K [0x00000000c1600000, 0x0000000100000000)
  region size 1024K, 13 young (13312K), 2 survivors (2048K)
 Metaspace       used 8358K, committed 8576K, reserved 1056768K
  class space    used 856K, committed 960K, reserved 1048576K
}
Event: 8.903 GC heap after
{Heap after GC invocations=2 (full 0):
 garbage-first heap   total 65536K, used 6902K [0x00000000c1600000, 0x0000000100000000)
  region size 1024K, 1 young (1024K), 1 survivors (1024K)
 Metaspace       used 8358K, committed 8576K, reserved 1056768K
  class space    used 856K, committed 960K, reserved 1048576K
}
Event: 11.537 GC heap before
{Heap before GC invocations=2 (full 0):
 garbage-first heap   total 65536K, used 28406K [0x00000000c1600000, 0x0000000100000000)
  region size 1024K, 23 young (23552K), 1 survivors (1024K)
 Metaspace       used 13725K, committed 13952K, reserved 1064960K
  class space    used 1537K, committed 1664K, reserved 1048576K
}
Event: 11.544 GC heap after
{Heap after GC invocations=3 (full 0):
 garbage-first heap   total 65536K, used 8223K [0x00000000c1600000, 0x0000000100000000)
  region size 1024K, 3 young (3072K), 3 survivors (3072K)
 Metaspace       used 13725K, committed 13952K, reserved 1064960K
  class space    used 1537K, committed 1664K, reserved 1048576K
}

Deoptimization events (20 events):
Event: 12.657 Thread 0x00000224f46c6c30 Uncommon trap: trap_request=0xffffff45 fr.pc=0x0000022487b0d37c relative=0x000000000000061c
Event: 12.658 Thread 0x00000224f46c6c30 Uncommon trap: reason=unstable_if action=reinterpret pc=0x0000022487b0d37c method=java.util.zip.ZipCoder.hash(Ljava/lang/String;)I @ 23 c2
Event: 12.658 Thread 0x00000224f46c6c30 DEOPT PACKING pc=0x0000022487b0d37c sp=0x000000ca590fddf0
Event: 12.658 Thread 0x00000224f46c6c30 DEOPT UNPACKING pc=0x00000224875823a3 sp=0x000000ca590fdd18 mode 2
Event: 12.658 Thread 0x00000224f46c6c30 Uncommon trap: trap_request=0xffffff45 fr.pc=0x0000022487b09b48 relative=0x0000000000000228
Event: 12.658 Thread 0x00000224f46c6c30 Uncommon trap: reason=unstable_if action=reinterpret pc=0x0000022487b09b48 method=java.util.zip.ZipCoder.hash(Ljava/lang/String;)I @ 23 c2
Event: 12.658 Thread 0x00000224f46c6c30 DEOPT PACKING pc=0x0000022487b09b48 sp=0x000000ca590fde20
Event: 12.658 Thread 0x00000224f46c6c30 DEOPT UNPACKING pc=0x00000224875823a3 sp=0x000000ca590fddc8 mode 2
Event: 12.663 Thread 0x00000224f46c6c30 Uncommon trap: trap_request=0xffffff45 fr.pc=0x0000022487af0640 relative=0x0000000000000040
Event: 12.663 Thread 0x00000224f46c6c30 Uncommon trap: reason=unstable_if action=reinterpret pc=0x0000022487af0640 method=sun.nio.fs.WindowsPathParser.isSlash(C)Z @ 9 c2
Event: 12.663 Thread 0x00000224f46c6c30 DEOPT PACKING pc=0x0000022487af0640 sp=0x000000ca590fe1b0
Event: 12.663 Thread 0x00000224f46c6c30 DEOPT UNPACKING pc=0x00000224875823a3 sp=0x000000ca590fe148 mode 2
Event: 13.081 Thread 0x00000224f46c6c30 Uncommon trap: trap_request=0xffffff45 fr.pc=0x0000022487b63c4c relative=0x000000000000012c
Event: 13.081 Thread 0x00000224f46c6c30 Uncommon trap: reason=unstable_if action=reinterpret pc=0x0000022487b63c4c method=java.util.Arrays.equals([Ljava/lang/Object;[Ljava/lang/Object;)Z @ 44 c2
Event: 13.081 Thread 0x00000224f46c6c30 DEOPT PACKING pc=0x0000022487b63c4c sp=0x000000ca590fd7b0
Event: 13.081 Thread 0x00000224f46c6c30 DEOPT UNPACKING pc=0x00000224875823a3 sp=0x000000ca590fd750 mode 2
Event: 13.139 Thread 0x00000224f46c6c30 Uncommon trap: trap_request=0xffffff45 fr.pc=0x0000022487b41bd4 relative=0x0000000000000df4
Event: 13.139 Thread 0x00000224f46c6c30 Uncommon trap: reason=unstable_if action=reinterpret pc=0x0000022487b41bd4 method=jdk.internal.org.objectweb.asm.SymbolTable.put(Ljdk/internal/org/objectweb/asm/SymbolTable$Entry;)Ljdk/internal/org/objectweb/asm/SymbolTable$Entry; @ 13 c2
Event: 13.139 Thread 0x00000224f46c6c30 DEOPT PACKING pc=0x0000022487b41bd4 sp=0x000000ca590fcda0
Event: 13.139 Thread 0x00000224f46c6c30 DEOPT UNPACKING pc=0x00000224875823a3 sp=0x000000ca590fccf8 mode 2

Classes unloaded (0 events):
No events

Classes redefined (1 events):
Event: 4.526 Thread 0x00000224fe8fe7c0 redefined class name=java.lang.Throwable, count=1

Internal exceptions (20 events):
Event: 9.828 Thread 0x00000224f46c6c30 Exception <a 'java/lang/NoSuchMethodError'{0x00000000c4fc24e0}: 'int java.lang.invoke.DirectMethodHandle$Holder.invokeVirtual(java.lang.Object, java.lang.Object)'> (0x00000000c4fc24e0) 
thrown [s\open\src\hotspot\share\interpreter\linkResolver.cpp, line 759]
Event: 9.920 Thread 0x00000224f46c6c30 Exception <a 'java/lang/NoSuchMethodError'{0x00000000c4e748a0}: 'java.lang.Object java.lang.invoke.DirectMethodHandle$Holder.invokeSpecial(java.lang.Object, java.lang.Object, java.lang.Object, int, java.lang.Object)'> (0x00000000c4e748a0) 
thrown [s\open\src\hotspot\share\interpreter\linkResolver.cpp, line 759]
Event: 9.922 Thread 0x00000224f46c6c30 Exception <a 'java/lang/NoSuchMethodError'{0x00000000c4e7cf20}: 'java.lang.Object java.lang.invoke.DirectMethodHandle$Holder.newInvokeSpecial(java.lang.Object, java.lang.Object, java.lang.Object, int, java.lang.Object)'> (0x00000000c4e7cf20) 
thrown [s\open\src\hotspot\share\interpreter\linkResolver.cpp, line 759]
Event: 9.925 Thread 0x00000224f46c6c30 Exception <a 'java/lang/NoSuchMethodError'{0x00000000c4e84910}: 'java.lang.Object java.lang.invoke.Invokers$Holder.linkToTargetMethod(java.lang.Object, java.lang.Object, int, java.lang.Object, java.lang.Object)'> (0x00000000c4e84910) 
thrown [s\open\src\hotspot\share\interpreter\linkResolver.cpp, line 759]
Event: 9.936 Thread 0x00000224f46c6c30 Exception <a 'java/lang/NoSuchMethodError'{0x00000000c4e941a8}: 'java.lang.Object java.lang.invoke.DirectMethodHandle$Holder.newInvokeSpecial(java.lang.Object, int, java.lang.Object)'> (0x00000000c4e941a8) 
thrown [s\open\src\hotspot\share\interpreter\linkResolver.cpp, line 759]
Event: 9.941 Thread 0x00000224f46c6c30 Exception <a 'java/lang/NoSuchMethodError'{0x00000000c4e9c018}: 'int java.lang.invoke.DirectMethodHandle$Holder.invokeSpecialIFC(java.lang.Object, java.lang.Object, java.lang.Object, java.lang.Object)'> (0x00000000c4e9c018) 
thrown [s\open\src\hotspot\share\interpreter\linkResolver.cpp, line 759]
Event: 10.041 Thread 0x00000224f46c6c30 Exception <a 'java/lang/NoSuchMethodError'{0x00000000c4d85310}: 'void java.lang.invoke.DirectMethodHandle$Holder.invokeInterface(java.lang.Object, java.lang.Object, java.lang.Object)'> (0x00000000c4d85310) 
thrown [s\open\src\hotspot\share\interpreter\linkResolver.cpp, line 759]
Event: 10.119 Thread 0x00000224f46c6c30 Exception <a 'java/lang/NoSuchMethodError'{0x00000000c4c12758}: 'void java.lang.invoke.DirectMethodHandle$Holder.invokeStaticInit(java.lang.Object, java.lang.Object, java.lang.Object)'> (0x00000000c4c12758) 
thrown [s\open\src\hotspot\share\interpreter\linkResolver.cpp, line 759]
Event: 10.141 Thread 0x00000224f46c6c30 Exception <a 'java/lang/NoSuchMethodError'{0x00000000c4c68f58}: 'java.lang.Object java.lang.invoke.DirectMethodHandle$Holder.invokeVirtual(java.lang.Object, java.lang.Object, java.lang.Object)'> (0x00000000c4c68f58) 
thrown [s\open\src\hotspot\share\interpreter\linkResolver.cpp, line 759]
Event: 10.171 Thread 0x00000224f46c6c30 Exception <a 'java/lang/NoSuchMethodError'{0x00000000c4c97b20}: 'java.lang.Object java.lang.invoke.DirectMethodHandle$Holder.invokeStatic(java.lang.Object, java.lang.Object, long, java.lang.Object)'> (0x00000000c4c97b20) 
thrown [s\open\src\hotspot\share\interpreter\linkResolver.cpp, line 759]
Event: 10.172 Thread 0x00000224f46c6c30 Exception <a 'java/lang/NoSuchMethodError'{0x00000000c4c9b5d8}: 'java.lang.Object java.lang.invoke.DirectMethodHandle$Holder.invokeStaticInit(java.lang.Object, java.lang.Object, long, java.lang.Object)'> (0x00000000c4c9b5d8) 
thrown [s\open\src\hotspot\share\interpreter\linkResolver.cpp, line 759]
Event: 10.175 Thread 0x00000224f46c6c30 Exception <a 'java/lang/NoSuchMethodError'{0x00000000c4ca1c70}: 'java.lang.Object java.lang.invoke.DirectMethodHandle$Holder.newInvokeSpecial(java.lang.Object, java.lang.Object, long)'> (0x00000000c4ca1c70) 
thrown [s\open\src\hotspot\share\interpreter\linkResolver.cpp, line 759]
Event: 10.177 Thread 0x00000224f46c6c30 Exception <a 'java/lang/NoSuchMethodError'{0x00000000c4ca5800}: 'java.lang.Object java.lang.invoke.Invokers$Holder.linkToTargetMethod(java.lang.Object, long, java.lang.Object)'> (0x00000000c4ca5800) 
thrown [s\open\src\hotspot\share\interpreter\linkResolver.cpp, line 759]
Event: 10.263 Thread 0x00000224f46c6c30 Exception <a 'java/lang/NoSuchMethodError'{0x00000000c4b34dc8}: 'void java.lang.invoke.DirectMethodHandle$Holder.invokeVirtual(java.lang.Object, java.lang.Object, java.lang.Object, java.lang.Object)'> (0x00000000c4b34dc8) 
thrown [s\open\src\hotspot\share\interpreter\linkResolver.cpp, line 759]
Event: 10.896 Thread 0x00000224f46c6c30 Exception <a 'java/lang/NoSuchMethodError'{0x00000000c485f530}: 'void java.lang.invoke.DirectMethodHandle$Holder.invokeSpecial(java.lang.Object, java.lang.Object, java.lang.Object)'> (0x00000000c485f530) 
thrown [s\open\src\hotspot\share\interpreter\linkResolver.cpp, line 759]
Event: 10.985 Thread 0x00000224f46c6c30 Exception <a 'java/lang/IncompatibleClassChangeError'{0x00000000c4895eb8}: Found class java.lang.Object, but interface was expected> (0x00000000c4895eb8) 
thrown [s\open\src\hotspot\share\interpreter\linkResolver.cpp, line 826]
Event: 11.028 Thread 0x000002249108c370 Exception <a 'java/lang/NoClassDefFoundError'{0x00000000c48f69c8}: jakarta/validation/Validation> (0x00000000c48f69c8) 
thrown [s\open\src\hotspot\share\classfile\systemDictionary.cpp, line 245]
Event: 12.683 Thread 0x00000224f46c6c30 Exception <a 'sun/nio/fs/WindowsException'{0x00000000c428b7d8}> (0x00000000c428b7d8) 
thrown [s\open\src\hotspot\share\prims\jni.cpp, line 516]
Event: 12.692 Thread 0x00000224f46c6c30 Exception <a 'java/lang/NoSuchMethodError'{0x00000000c428e0c8}: 'int java.lang.invoke.DirectMethodHandle$Holder.invokeSpecial(java.lang.Object, java.lang.Object, java.lang.Object, java.lang.Object, java.lang.Object)'> (0x00000000c428e0c8) 
thrown [s\open\src\hotspot\share\interpreter\linkResolver.cpp, line 759]
Event: 12.712 Thread 0x00000224f46c6c30 Exception <a 'java/lang/NoSuchMethodError'{0x00000000c429c920}: 'void java.lang.invoke.DirectMethodHandle$Holder.invokeVirtual(java.lang.Object, java.lang.Object)'> (0x00000000c429c920) 
thrown [s\open\src\hotspot\share\interpreter\linkResolver.cpp, line 759]

VM Operations (20 events):
Event: 8.896 Executing VM operation: G1CollectForAllocation
Event: 8.903 Executing VM operation: G1CollectForAllocation done
Event: 9.912 Executing VM operation: Cleanup
Event: 9.912 Executing VM operation: Cleanup done
Event: 10.016 Executing VM operation: HandshakeAllThreads
Event: 10.016 Executing VM operation: HandshakeAllThreads done
Event: 10.884 Executing VM operation: HandshakeAllThreads
Event: 10.884 Executing VM operation: HandshakeAllThreads done
Event: 10.887 Executing VM operation: HandshakeAllThreads
Event: 10.887 Executing VM operation: HandshakeAllThreads done
Event: 11.537 Executing VM operation: G1CollectForAllocation
Event: 11.544 Executing VM operation: G1CollectForAllocation done
Event: 12.186 Executing VM operation: HandshakeAllThreads
Event: 12.186 Executing VM operation: HandshakeAllThreads done
Event: 12.443 Executing VM operation: HandshakeAllThreads
Event: 12.443 Executing VM operation: HandshakeAllThreads done
Event: 12.577 Executing VM operation: HandshakeAllThreads
Event: 12.577 Executing VM operation: HandshakeAllThreads done
Event: 12.577 Executing VM operation: Cleanup
Event: 12.579 Executing VM operation: Cleanup done

Events (20 events):
Event: 13.099 loading class com/fasterxml/jackson/databind/type/ClassKey
Event: 13.099 loading class com/fasterxml/jackson/databind/type/ClassKey done
Event: 13.237 loading class org/springframework/web/bind/annotation/GetMapping
Event: 13.237 loading class org/springframework/web/bind/annotation/GetMapping done
Event: 13.245 loading class com/fasterxml/jackson/datatype/jsr310/deser/JSR310StringParsableDeserializer
Event: 13.245 loading class com/fasterxml/jackson/datatype/jsr310/deser/JSR310StringParsableDeserializer done
Event: 13.248 loading class jakarta/persistence/Entity
Event: 13.248 loading class jakarta/persistence/Entity done
Event: 13.252 loading class jakarta/persistence/Table
Event: 13.252 loading class jakarta/persistence/Table done
Event: 13.253 loading class jakarta/persistence/Index
Event: 13.253 loading class jakarta/persistence/Index done
Event: 13.254 loading class jakarta/persistence/UniqueConstraint
Event: 13.254 loading class jakarta/persistence/UniqueConstraint done
Event: 13.271 loading class org/springframework/data/jpa/repository/Query
Event: 13.271 loading class org/springframework/data/jpa/repository/Query done
Event: 13.276 loading class com/fasterxml/jackson/datatype/jsr310/deser/OneBasedMonthDeserializer
Event: 13.276 loading class com/fasterxml/jackson/datatype/jsr310/deser/OneBasedMonthDeserializer done
Event: 13.278 loading class com/fasterxml/jackson/databind/deser/std/DelegatingDeserializer
Event: 13.278 loading class com/fasterxml/jackson/databind/deser/std/DelegatingDeserializer done


Dynamic libraries:
0x00007ff76dc30000 - 0x00007ff76dc40000 	C:\Program Files\Java\jdk-17\bin\java.exe
0x00007ff8bf3b0000 - 0x00007ff8bf5a8000 	C:\WINDOWS\SYSTEM32\ntdll.dll
0x00007ff8bf280000 - 0x00007ff8bf342000 	C:\WINDOWS\System32\KERNEL32.DLL
0x00007ff8bcc90000 - 0x00007ff8bcf86000 	C:\WINDOWS\System32\KERNELBASE.dll
0x00007ff8bd1b0000 - 0x00007ff8bd2b0000 	C:\WINDOWS\System32\ucrtbase.dll
0x00007ff89e290000 - 0x00007ff89e2ab000 	C:\Program Files\Java\jdk-17\bin\VCRUNTIME140.dll
0x00007ff89e270000 - 0x00007ff89e288000 	C:\Program Files\Java\jdk-17\bin\jli.dll
0x00007ff8bd470000 - 0x00007ff8bd51f000 	C:\WINDOWS\System32\ADVAPI32.dll
0x00007ff8be090000 - 0x00007ff8be12e000 	C:\WINDOWS\System32\msvcrt.dll
0x00007ff8be4d0000 - 0x00007ff8be56f000 	C:\WINDOWS\System32\sechost.dll
0x00007ff8bda20000 - 0x00007ff8bdb43000 	C:\WINDOWS\System32\RPCRT4.dll
0x00007ff8bd0f0000 - 0x00007ff8bd117000 	C:\WINDOWS\System32\bcrypt.dll
0x00007ff8be330000 - 0x00007ff8be4cd000 	C:\WINDOWS\System32\USER32.dll
0x00007ff8bd3b0000 - 0x00007ff8bd3d2000 	C:\WINDOWS\System32\win32u.dll
0x00007ff8beae0000 - 0x00007ff8beb0b000 	C:\WINDOWS\System32\GDI32.dll
0x00007ff8bca50000 - 0x00007ff8bcb6a000 	C:\WINDOWS\System32\gdi32full.dll
0x00007ff8bcbf0000 - 0x00007ff8bcc8d000 	C:\WINDOWS\System32\msvcp_win.dll
0x00007ff8ac230000 - 0x00007ff8ac4ca000 	C:\WINDOWS\WinSxS\amd64_microsoft.windows.common-controls_6595b64144ccf1df_6.0.19041.5794_none_60bcd33171f2783c\COMCTL32.dll
0x00007ff8bb750000 - 0x00007ff8bb75a000 	C:\WINDOWS\SYSTEM32\VERSION.dll
0x00007ff8bea00000 - 0x00007ff8bea2f000 	C:\WINDOWS\System32\IMM32.DLL
0x00007ff89e460000 - 0x00007ff89e46c000 	C:\Program Files\Java\jdk-17\bin\vcruntime140_1.dll
0x00007ff89e1e0000 - 0x00007ff89e26e000 	C:\Program Files\Java\jdk-17\bin\msvcp140.dll
0x00007ff89ced0000 - 0x00007ff89daa7000 	C:\Program Files\Java\jdk-17\bin\server\jvm.dll
0x00007ff8bd3e0000 - 0x00007ff8bd3e8000 	C:\WINDOWS\System32\PSAPI.DLL
0x00007ff89f830000 - 0x00007ff89f839000 	C:\WINDOWS\SYSTEM32\WSOCK32.dll
0x00007ff8be260000 - 0x00007ff8be2cb000 	C:\WINDOWS\System32\WS2_32.dll
0x00007ff8ab0c0000 - 0x00007ff8ab0e7000 	C:\WINDOWS\SYSTEM32\WINMM.dll
0x00007ff8bb6a0000 - 0x00007ff8bb6b2000 	C:\WINDOWS\SYSTEM32\kernel.appcore.dll
0x00007ff89e1a0000 - 0x00007ff89e1aa000 	C:\Program Files\Java\jdk-17\bin\jimage.dll
0x00007ff8a6200000 - 0x00007ff8a6401000 	C:\WINDOWS\SYSTEM32\DBGHELP.DLL
0x00007ff89e160000 - 0x00007ff89e194000 	C:\WINDOWS\SYSTEM32\dbgcore.DLL
0x00007ff8bd120000 - 0x00007ff8bd1a2000 	C:\WINDOWS\System32\bcryptPrimitives.dll
0x00007ff8a8ed0000 - 0x00007ff8a8f0b000 	C:\Program Files\Java\jdk-17\bin\jdwp.dll
0x00007ff8b7340000 - 0x00007ff8b734e000 	C:\Program Files\Java\jdk-17\bin\instrument.dll
0x00007ff89e130000 - 0x00007ff89e155000 	C:\Program Files\Java\jdk-17\bin\java.dll
0x00007ff89bc20000 - 0x00007ff89bc38000 	C:\Program Files\Java\jdk-17\bin\zip.dll
0x00007ff89dce0000 - 0x00007ff89ddb7000 	C:\Program Files\Java\jdk-17\bin\jsvml.dll
0x00007ff8beb10000 - 0x00007ff8bf27e000 	C:\WINDOWS\System32\SHELL32.dll
0x00007ff8ba830000 - 0x00007ff8bafd3000 	C:\WINDOWS\SYSTEM32\windows.storage.dll
0x00007ff8bdc00000 - 0x00007ff8bdf53000 	C:\WINDOWS\System32\combase.dll
0x00007ff8bc3b0000 - 0x00007ff8bc3db000 	C:\WINDOWS\SYSTEM32\Wldp.dll
0x00007ff8be190000 - 0x00007ff8be25d000 	C:\WINDOWS\System32\OLEAUT32.dll
0x00007ff8bea30000 - 0x00007ff8beadd000 	C:\WINDOWS\System32\SHCORE.dll
0x00007ff8be130000 - 0x00007ff8be185000 	C:\WINDOWS\System32\shlwapi.dll
0x00007ff8bc980000 - 0x00007ff8bc9a5000 	C:\WINDOWS\SYSTEM32\profapi.dll
0x00007ff8b72b0000 - 0x00007ff8b72bc000 	C:\Program Files\Java\jdk-17\bin\dt_socket.dll
0x00007ff8bbdf0000 - 0x00007ff8bbe2b000 	C:\WINDOWS\SYSTEM32\IPHLPAPI.DLL
0x00007ff8bc110000 - 0x00007ff8bc17c000 	C:\WINDOWS\system32\mswsock.dll
0x00007ff89bbb0000 - 0x00007ff89bbc9000 	C:\Program Files\Java\jdk-17\bin\net.dll
0x00007ff8b2270000 - 0x00007ff8b237a000 	C:\WINDOWS\SYSTEM32\WINHTTP.dll
0x00007ff89bc40000 - 0x00007ff89bc56000 	C:\Program Files\Java\jdk-17\bin\nio.dll

dbghelp: loaded successfully - version: 4.0.5 - missing functions: none
symbol engine: initialized successfully - sym options: 0x614 - pdb path: .;C:\Program Files\Java\jdk-17\bin;C:\WINDOWS\SYSTEM32;C:\WINDOWS\WinSxS\amd64_microsoft.windows.common-controls_6595b64144ccf1df_6.0.19041.5794_none_60bcd33171f2783c;C:\Program Files\Java\jdk-17\bin\server

VM Arguments:
jvm_args: -agentlib:jdwp=transport=dt_socket,address=127.0.0.1:62459,suspend=y,server=n -javaagent:C:\Users\dell\AppData\Local\JetBrains\IdeaIC2025.1\captureAgent\debugger-agent.jar=file:///C:/Users/dell/AppData/Local/Temp/capture2612444574819378762.props -Dkotlinx.coroutines.debug.enable.creation.stack.trace=false -Ddebugger.agent.enable.coroutines=true -Dkotlinx.coroutines.debug.enable.flows.stack.trace=true -Dkotlinx.coroutines.debug.enable.mutable.state.flows.stack.trace=true -Dfile.encoding=UTF-8 
java_command: com.employee.myapp.MyappApplication
java_class_path (initial): C:\Users\dell\Downloads\myapp\target\classes;C:\Users\dell\.m2\repository\org\springframework\boot\spring-boot-starter-web\3.3.12-SNAPSHOT\spring-boot-starter-web-3.3.12-20250521.075042-57.jar;C:\Users\dell\.m2\repository\org\springframework\boot\spring-boot-starter\3.3.12-SNAPSHOT\spring-boot-starter-3.3.12-20250521.075042-57.jar;C:\Users\dell\.m2\repository\org\springframework\boot\spring-boot\3.3.12-SNAPSHOT\spring-boot-3.3.12-20250521.075042-57.jar;C:\Users\dell\.m2\repository\org\springframework\boot\spring-boot-autoconfigure\3.3.12-SNAPSHOT\spring-boot-autoconfigure-3.3.12-20250521.075042-57.jar;C:\Users\dell\.m2\repository\org\springframework\boot\spring-boot-starter-logging\3.3.12-SNAPSHOT\spring-boot-starter-logging-3.3.12-20250521.075042-57.jar;C:\Users\dell\.m2\repository\ch\qos\logback\logback-classic\1.5.18\logback-classic-1.5.18.jar;C:\Users\dell\.m2\repository\ch\qos\logback\logback-core\1.5.18\logback-core-1.5.18.jar;C:\Users\dell\.m2\repository\org\apache\logging\log4j\log4j-to-slf4j\2.23.1\log4j-to-slf4j-2.23.1.jar;C:\Users\dell\.m2\repository\org\apache\logging\log4j\log4j-api\2.23.1\log4j-api-2.23.1.jar;C:\Users\dell\.m2\repository\org\slf4j\jul-to-slf4j\2.0.17\jul-to-slf4j-2.0.17.jar;C:\Users\dell\.m2\repository\jakarta\annotation\jakarta.annotation-api\2.1.1\jakarta.annotation-api-2.1.1.jar;C:\Users\dell\.m2\repository\org\yaml\snakeyaml\2.2\snakeyaml-2.2.jar;C:\Users\dell\.m2\repository\org\springframework\boot\spring-boot-starter-json\3.3.12-SNAPSHOT\spring-boot-starter-json-3.3.12-20250521.075042-57.jar;C:\Users\dell\.m2\repository\com\fasterxml\jackson\datatype\jackson-datatype-jdk8\2.17.3\jackson-datatype-jdk8-2.17.3.jar;C:\Users\dell\.m2\repository\com\fasterxml\jackson\datatype\jackson-datatype-jsr310\2.17.3\jackson-datatype-jsr310-2.17.3.jar;C:\Users\dell\.m2\repository\com\fasterxml\jackson\module\jackson-module-parameter-names\2.17.3\jackson-module-parameter-names-2.17.3.jar;C:\Users\dell\.m2\repository\or
Launcher Type: SUN_STANDARD

[Global flags]
     intx CICompilerCount                          = 3                                         {product} {ergonomic}
     uint ConcGCThreads                            = 1                                         {product} {ergonomic}
     uint G1ConcRefinementThreads                  = 4                                         {product} {ergonomic}
   size_t G1HeapRegionSize                         = 1048576                                   {product} {ergonomic}
    uintx GCDrainStackTargetSize                   = 64                                        {product} {ergonomic}
   size_t InitialHeapSize                          = 67108864                                  {product} {ergonomic}
   size_t MarkStackSize                            = 4194304                                   {product} {ergonomic}
   size_t MaxHeapSize                              = 1050673152                                {product} {ergonomic}
   size_t MaxNewSize                               = 630194176                                 {product} {ergonomic}
   size_t MinHeapDeltaBytes                        = 1048576                                   {product} {ergonomic}
   size_t MinHeapSize                              = 8388608                                   {product} {ergonomic}
    uintx NonNMethodCodeHeapSize                   = 5832780                                {pd product} {ergonomic}
    uintx NonProfiledCodeHeapSize                  = 122912730                              {pd product} {ergonomic}
    uintx ProfiledCodeHeapSize                     = 122912730                              {pd product} {ergonomic}
    uintx ReservedCodeCacheSize                    = 251658240                              {pd product} {ergonomic}
     bool SegmentedCodeCache                       = true                                      {product} {ergonomic}
   size_t SoftMaxHeapSize                          = 1050673152                             {manageable} {ergonomic}
     bool UseCompressedClassPointers               = true                           {product lp64_product} {ergonomic}
     bool UseCompressedOops                        = true                           {product lp64_product} {ergonomic}
     bool UseG1GC                                  = true                                      {product} {ergonomic}
     bool UseLargePagesIndividualAllocation        = false                                  {pd product} {ergonomic}

Logging:
Log output configuration:
 #0: stdout all=warning uptime,level,tags
 #1: stderr all=off uptime,level,tags

Environment Variables:
JAVA_HOME=C:\Program Files\Java\jdk-11
PATH=C:\oraclexe\app\oracle\product\10.2.0\server\bin;C:\Python27\;C:\Python27\Scripts;C:\Program Files\Common Files\Oracle\Java\javapath;C:\ProgramData\Miniconda3;C:\ProgramData\Miniconda3\Library\mingw-w64\bin;C:\ProgramData\Miniconda3\Library\usr\bin;C:\ProgramData\Miniconda3\Library\bin;C:\ProgramData\Miniconda3\Scripts;C:\Program Files (x86)\Intel\iCLS Client\;C:\Program Files\Intel\iCLS Client\;C:\WINDOWS\system32;C:\WINDOWS;C:\WINDOWS\System32\Wbem;C:\WINDOWS\System32\WindowsPowerShell\v1.0\;C:\WINDOWS\System32\OpenSSH\;C:\Program Files (x86)\Intel\Intel(R) Management Engine Components\DAL;C:\Program Files\Intel\Intel(R) Management Engine Components\DAL;C:\Program Files (x86)\Intel\Intel(R) Management Engine Components\IPT;C:\Program Files\Intel\Intel(R) Management Engine Components\IPT;C:\Program Files (x86)\GnuWin32\bin;C:\xampp\php;C:\composer;C:\Users\dell\Downloads\gradle-5.4.1-bin\gradle-5.4.1\bin;C:\ProgramData\chocolatey\bin;C:\Users\dell\Downloads\apache-maven-3.6.3-bin\apache-maven-3.6.3\bin;C:\Program Files (x86)\Yarn\bin\;C:\ELK\elasticsearch-7.12.0-windows-x86_64\elasticsearch-7.12.0\bin;C:\ELK\logstash-7.12.0-windows-x86_64\logstash-7.12.0\bin;C:\ELK\kibana-7.12.0-windows-x86_64\bin;C:\Program Files\dotnet\;C:\Program Files\PuTTY\;C:\Program Files\Docker\Docker\resources\bin;C:\Users\dell\AppData\Local\Android\Sdk\platform-tools;%JAVA_HOME%\bin;C:\Program Files\Git\cmd;C:\Program Files\nodejs\;C:\Program Files\Amazon\AWSCLIV2\;C:\Users\dell\AppData\Local\Android\Sdk\tools;C:\Users\dell\AppData\Local\jdk-11.0.2\bin;C:\Users\dell\AppData\Local\Programs\Python\Python310\Scripts\;C:\Users\dell\AppData\Local\Programs\Python\Python310\;C:\Users\dell\Miniconda3;C:\Users\dell\Miniconda3\Library\mingw-w64\bin;C:\Users\dell\Miniconda3\Library\usr\bin;C:\Users\dell\Miniconda3\Library\bin;C:\Users\dell\Miniconda3\Scripts;C:\Users\dell\AppData\Local\Programs\Python\Python36\Scripts\;C:\Users\dell\AppData\Local\Programs\Python\Python36\;C:\Users\dell\AppData\Loc
USERNAME=sanket
OS=Windows_NT
PROCESSOR_IDENTIFIER=Intel64 Family 6 Model 69 Stepping 1, GenuineIntel



---------------  S Y S T E M  ---------------

OS:
 Windows 10 , 64 bit Build 19041 (10.0.19041.5794)
OS uptime: 5 days 6:55 hours

CPU: total 4 (initial active 4) (2 cores per cpu, 2 threads per core) family 6 model 69 stepping 1 microcode 0x25, cx8, cmov, fxsr, ht, mmx, sse, sse2, sse3, ssse3, sse4.1, sse4.2, popcnt, lzcnt, tsc, tscinvbit, avx, avx2, aes, erms, clmul, bmi1, bmi2, fma, vzeroupper, clflush

Memory: 4k page, system-wide physical 4000M (200M free)
TotalPageFile size 12120M (AvailPageFile size 2M)
current process WorkingSet (physical memory assigned to process): 132M, peak: 133M
current process commit charge ("private bytes"): 200M, peak: 204M

vm_info: Java HotSpot(TM) 64-Bit Server VM (17.0.6+9-LTS-190) for windows-amd64 JRE (17.0.6+9-LTS-190), built on Dec  6 2022 15:53:54 by "mach5one" with MS VC++ 17.1 (VS2022)

END.
