#
# There is insufficient memory for the Java Runtime Environment to continue.
# Native memory allocation (malloc) failed to allocate 1730256 bytes for Chunk::new
# Possible reasons:
#   The system is out of physical RAM or swap space
#   The process is running with CompressedOops enabled, and the Java Heap may be blocking the growth of the native heap
# Possible solutions:
#   Reduce memory load on the system
#   Increase physical memory or swap space
#   Check if swap backing store is full
#   Decrease Java heap size (-Xmx/-Xms)
#   Decrease number of Java threads
#   Decrease Java thread stack sizes (-Xss)
#   Set larger code cache with -XX:ReservedCodeCacheSize=
#   JVM is running with Unscaled Compressed Oops mode in which the Java heap is
#     placed in the first 4GB address space. The Java Heap base address is the
#     maximum limit for the native heap growth. Please use -XX:HeapBaseMinAddress
#     to set the Java Heap base and to place the Java Heap above 4GB virtual address.
# This output file may be truncated or incomplete.
#
#  Out of Memory Error (arena.cpp:189), pid=4152, tid=13512
#
# JRE version: Java(TM) SE Runtime Environment (17.0.6+9) (build 17.0.6+9-LTS-190)
# Java VM: Java HotSpot(TM) 64-Bit Server VM (17.0.6+9-LTS-190, mixed mode, sharing, tiered, compressed oops, compressed class ptrs, g1 gc, windows-amd64)
# No core dump will be written. Minidumps are not enabled by default on client versions of Windows
#

---------------  S U M M A R Y ------------

Command Line: -javaagent:C:\Program Files\JetBrains\IntelliJ IDEA Community Edition 2022.3.3\lib\idea_rt.jar=50454:C:\Program Files\JetBrains\IntelliJ IDEA Community Edition 2022.3.3\bin -Dfile.encoding=UTF-8 com.employee.myapp.MyappApplication

Host: Intel(R) Core(TM) i3-4030U CPU @ 1.90GHz, 4 cores, 3G,  Windows 10 , 64 bit Build 19041 (10.0.19041.5678)
Time: Sat May 17 15:12:06 2025 India Standard Time elapsed time: 3.508229 seconds (0d 0h 0m 3s)

---------------  T H R E A D  ---------------

Current thread (0x000001c87803a7a0):  JavaThread "C2 CompilerThread0" daemon [_thread_in_native, id=13512, stack(0x000000ba4d100000,0x000000ba4d200000)]


Current CompileTask:
C2:   3508 1737       4       jdk.internal.org.objectweb.asm.Frame::execute (2305 bytes)

Stack: [0x000000ba4d100000,0x000000ba4d200000]
Native frames: (J=compiled Java code, j=interpreted, Vv=VM code, C=native code)
V  [jvm.dll+0x6734ea]
V  [jvm.dll+0x7d18f4]
V  [jvm.dll+0x7d309e]
V  [jvm.dll+0x7d3703]
V  [jvm.dll+0x2433c5]
V  [jvm.dll+0xaa46b]
V  [jvm.dll+0xaaa0c]
V  [jvm.dll+0x35eadf]
V  [jvm.dll+0x329401]
V  [jvm.dll+0x32889a]
V  [jvm.dll+0x215ddf]
V  [jvm.dll+0x215211]
V  [jvm.dll+0x1a1730]
V  [jvm.dll+0x224b6e]
V  [jvm.dll+0x222f15]
V  [jvm.dll+0x78753c]
V  [jvm.dll+0x781a7a]
V  [jvm.dll+0x672375]
C  [ucrtbase.dll+0x21bb2]
C  [KERNEL32.DLL+0x17374]
C  [ntdll.dll+0x4cc91]


---------------  P R O C E S S  ---------------

Threads class SMR info:
_java_thread_list=0x000001c8795f1210, length=15, elements={
0x000001c85cdf40a0, 0x000001c85ceaf6e0, 0x000001c85ceb0550, 0x000001c85cebe4c0,
0x000001c878034410, 0x000001c878035470, 0x000001c878035e20, 0x000001c87803a7a0,
0x000001c87803c180, 0x000001c878050280, 0x000001c87802c1f0, 0x000001c878ee6fd0,
0x000001c878f38f20, 0x000001c879681430, 0x000001c87981dd00
}

Java Threads: ( => current thread )
  0x000001c85cdf40a0 JavaThread "main" [_thread_in_vm, id=14988, stack(0x000000ba4c300000,0x000000ba4c400000)]
  0x000001c85ceaf6e0 JavaThread "Reference Handler" daemon [_thread_blocked, id=12028, stack(0x000000ba4ca00000,0x000000ba4cb00000)]
  0x000001c85ceb0550 JavaThread "Finalizer" daemon [_thread_blocked, id=15688, stack(0x000000ba4cb00000,0x000000ba4cc00000)]
  0x000001c85cebe4c0 JavaThread "Signal Dispatcher" daemon [_thread_blocked, id=11456, stack(0x000000ba4cd00000,0x000000ba4ce00000)]
  0x000001c878034410 JavaThread "Attach Listener" daemon [_thread_blocked, id=3212, stack(0x000000ba4ce00000,0x000000ba4cf00000)]
  0x000001c878035470 JavaThread "Service Thread" daemon [_thread_blocked, id=17716, stack(0x000000ba4cf00000,0x000000ba4d000000)]
  0x000001c878035e20 JavaThread "Monitor Deflation Thread" daemon [_thread_blocked, id=7388, stack(0x000000ba4d000000,0x000000ba4d100000)]
=>0x000001c87803a7a0 JavaThread "C2 CompilerThread0" daemon [_thread_in_native, id=13512, stack(0x000000ba4d100000,0x000000ba4d200000)]
  0x000001c87803c180 JavaThread "C1 CompilerThread0" daemon [_thread_blocked, id=13776, stack(0x000000ba4d200000,0x000000ba4d300000)]
  0x000001c878050280 JavaThread "Sweeper thread" daemon [_thread_blocked, id=12404, stack(0x000000ba4d300000,0x000000ba4d400000)]
  0x000001c87802c1f0 JavaThread "Common-Cleaner" daemon [_thread_blocked, id=5864, stack(0x000000ba4d400000,0x000000ba4d500000)]
  0x000001c878ee6fd0 JavaThread "Monitor Ctrl-Break" daemon [_thread_in_native, id=12124, stack(0x000000ba4d600000,0x000000ba4d700000)]
  0x000001c878f38f20 JavaThread "Notification Thread" daemon [_thread_blocked, id=11660, stack(0x000000ba4d700000,0x000000ba4d800000)]
  0x000001c879681430 JavaThread "C2 CompilerThread1" daemon [_thread_in_native, id=15104, stack(0x000000ba4d500000,0x000000ba4d600000)]
  0x000001c87981dd00 JavaThread "background-preinit" [_thread_in_vm, id=18532, stack(0x000000ba4dd00000,0x000000ba4de00000)]

Other Threads:
  0x000001c85cea7a70 VMThread "VM Thread" [stack: 0x000000ba4c900000,0x000000ba4ca00000] [id=18376]
  0x000001c878f3a0f0 WatcherThread [stack: 0x000000ba4d800000,0x000000ba4d900000] [id=4436]
  0x000001c85ce2d710 GCTaskThread "GC Thread#0" [stack: 0x000000ba4c400000,0x000000ba4c500000] [id=580]
  0x000001c879593cd0 GCTaskThread "GC Thread#1" [stack: 0x000000ba4d900000,0x000000ba4da00000] [id=6944]
  0x000001c879609240 GCTaskThread "GC Thread#2" [stack: 0x000000ba4da00000,0x000000ba4db00000] [id=19040]
  0x000001c87968c520 GCTaskThread "GC Thread#3" [stack: 0x000000ba4db00000,0x000000ba4dc00000] [id=11528]
  0x000001c85ce373a0 ConcurrentGCThread "G1 Main Marker" [stack: 0x000000ba4c500000,0x000000ba4c600000] [id=4716]
  0x000001c85ce391c0 ConcurrentGCThread "G1 Conc#0" [stack: 0x000000ba4c600000,0x000000ba4c700000] [id=16240]
  0x000001c85ce86350 ConcurrentGCThread "G1 Refine#0" [stack: 0x000000ba4c700000,0x000000ba4c800000] [id=3988]
  0x000001c8795c22b0 ConcurrentGCThread "G1 Refine#1" [stack: 0x000000ba4dc00000,0x000000ba4dd00000] [id=2280]
  0x000001c85ce87d80 ConcurrentGCThread "G1 Service" [stack: 0x000000ba4c800000,0x000000ba4c900000] [id=15520]

Threads with active compile tasks:
C2 CompilerThread0     3582 1737       4       jdk.internal.org.objectweb.asm.Frame::execute (2305 bytes)
C2 CompilerThread1     3582 1841   !   4       java.net.URL::<init> (543 bytes)

VM state: not at safepoint (normal execution)

VM Mutex/Monitor currently owned by a thread:  ([mutex/lock_event])
[0x000001c85cdecd30] Metaspace_lock - owner thread: 0x000001c87981dd00

Heap address: 0x00000000c1600000, size: 1002 MB, Compressed Oops mode: 32-bit

CDS archive(s) mapped at: [0x0000000800000000-0x0000000800bd0000-0x0000000800bd0000), size 12386304, SharedBaseAddress: 0x0000000800000000, ArchiveRelocationMode: 0.
Compressed class space mapped at: 0x0000000800c00000-0x0000000840c00000, reserved size: 1073741824
Narrow klass base: 0x0000000800000000, Narrow klass shift: 0, Narrow klass range: 0x100000000

GC Precious Log:
 CPUs: 4 total, 4 available
 Memory: 4000M
 Large Page Support: Disabled
 NUMA Support: Disabled
 Compressed Oops: Enabled (32-bit)
 Heap Region Size: 1M
 Heap Min Capacity: 8M
 Heap Initial Capacity: 64M
 Heap Max Capacity: 1002M
 Pre-touch: Disabled
 Parallel Workers: 4
 Concurrent Workers: 1
 Concurrent Refinement Workers: 4
 Periodic GC: Disabled

Heap:
 garbage-first heap   total 65536K, used 21297K [0x00000000c1600000, 0x0000000100000000)
  region size 1024K, 16 young (16384K), 3 survivors (3072K)
 Metaspace       used 14762K, committed 14912K, reserved 1064960K
  class space    used 1838K, committed 1920K, reserved 1048576K

Heap Regions: E=young(eden), S=young(survivor), O=old, HS=humongous(starts), HC=humongous(continues), CS=collection set, F=free, OA=open archive, CA=closed archive, TAMS=top-at-mark-start (previous, next)
|   0|0x00000000c1600000, 0x00000000c1700000, 0x00000000c1700000|100%|HS|  |TAMS 0x00000000c1600000, 0x00000000c1600000| Complete 
|   1|0x00000000c1700000, 0x00000000c1800000, 0x00000000c1800000|100%| O|  |TAMS 0x00000000c1700000, 0x00000000c1700000| Untracked 
|   2|0x00000000c1800000, 0x00000000c1900000, 0x00000000c1900000|100%| O|  |TAMS 0x00000000c1800000, 0x00000000c1800000| Untracked 
|   3|0x00000000c1900000, 0x00000000c1a00000, 0x00000000c1a00000|100%| O|  |TAMS 0x00000000c1900000, 0x00000000c1900000| Untracked 
|   4|0x00000000c1a00000, 0x00000000c1b00000, 0x00000000c1b00000|100%| O|  |TAMS 0x00000000c1a00000, 0x00000000c1a00000| Untracked 
|   5|0x00000000c1b00000, 0x00000000c1c00000, 0x00000000c1c00000|100%| O|  |TAMS 0x00000000c1b00000, 0x00000000c1b00000| Untracked 
|   6|0x00000000c1c00000, 0x00000000c1c28e00, 0x00000000c1d00000| 15%| O|  |TAMS 0x00000000c1c00000, 0x00000000c1c00000| Untracked 
|   7|0x00000000c1d00000, 0x00000000c1d00000, 0x00000000c1e00000|  0%| F|  |TAMS 0x00000000c1d00000, 0x00000000c1d00000| Untracked 
|   8|0x00000000c1e00000, 0x00000000c1e00000, 0x00000000c1f00000|  0%| F|  |TAMS 0x00000000c1e00000, 0x00000000c1e00000| Untracked 
|   9|0x00000000c1f00000, 0x00000000c1f00000, 0x00000000c2000000|  0%| F|  |TAMS 0x00000000c1f00000, 0x00000000c1f00000| Untracked 
|  10|0x00000000c2000000, 0x00000000c2000000, 0x00000000c2100000|  0%| F|  |TAMS 0x00000000c2000000, 0x00000000c2000000| Untracked 
|  11|0x00000000c2100000, 0x00000000c2100000, 0x00000000c2200000|  0%| F|  |TAMS 0x00000000c2100000, 0x00000000c2100000| Untracked 
|  12|0x00000000c2200000, 0x00000000c2200000, 0x00000000c2300000|  0%| F|  |TAMS 0x00000000c2200000, 0x00000000c2200000| Untracked 
|  13|0x00000000c2300000, 0x00000000c2300000, 0x00000000c2400000|  0%| F|  |TAMS 0x00000000c2300000, 0x00000000c2300000| Untracked 
|  14|0x00000000c2400000, 0x00000000c2400000, 0x00000000c2500000|  0%| F|  |TAMS 0x00000000c2400000, 0x00000000c2400000| Untracked 
|  15|0x00000000c2500000, 0x00000000c2500000, 0x00000000c2600000|  0%| F|  |TAMS 0x00000000c2500000, 0x00000000c2500000| Untracked 
|  16|0x00000000c2600000, 0x00000000c2600000, 0x00000000c2700000|  0%| F|  |TAMS 0x00000000c2600000, 0x00000000c2600000| Untracked 
|  17|0x00000000c2700000, 0x00000000c2700000, 0x00000000c2800000|  0%| F|  |TAMS 0x00000000c2700000, 0x00000000c2700000| Untracked 
|  18|0x00000000c2800000, 0x00000000c2800000, 0x00000000c2900000|  0%| F|  |TAMS 0x00000000c2800000, 0x00000000c2800000| Untracked 
|  19|0x00000000c2900000, 0x00000000c2900000, 0x00000000c2a00000|  0%| F|  |TAMS 0x00000000c2900000, 0x00000000c2900000| Untracked 
|  20|0x00000000c2a00000, 0x00000000c2a00000, 0x00000000c2b00000|  0%| F|  |TAMS 0x00000000c2a00000, 0x00000000c2a00000| Untracked 
|  21|0x00000000c2b00000, 0x00000000c2b00000, 0x00000000c2c00000|  0%| F|  |TAMS 0x00000000c2b00000, 0x00000000c2b00000| Untracked 
|  22|0x00000000c2c00000, 0x00000000c2c00000, 0x00000000c2d00000|  0%| F|  |TAMS 0x00000000c2c00000, 0x00000000c2c00000| Untracked 
|  23|0x00000000c2d00000, 0x00000000c2d00000, 0x00000000c2e00000|  0%| F|  |TAMS 0x00000000c2d00000, 0x00000000c2d00000| Untracked 
|  24|0x00000000c2e00000, 0x00000000c2e00000, 0x00000000c2f00000|  0%| F|  |TAMS 0x00000000c2e00000, 0x00000000c2e00000| Untracked 
|  25|0x00000000c2f00000, 0x00000000c2f00000, 0x00000000c3000000|  0%| F|  |TAMS 0x00000000c2f00000, 0x00000000c2f00000| Untracked 
|  26|0x00000000c3000000, 0x00000000c3000000, 0x00000000c3100000|  0%| F|  |TAMS 0x00000000c3000000, 0x00000000c3000000| Untracked 
|  27|0x00000000c3100000, 0x00000000c3100000, 0x00000000c3200000|  0%| F|  |TAMS 0x00000000c3100000, 0x00000000c3100000| Untracked 
|  28|0x00000000c3200000, 0x00000000c3200000, 0x00000000c3300000|  0%| F|  |TAMS 0x00000000c3200000, 0x00000000c3200000| Untracked 
|  29|0x00000000c3300000, 0x00000000c3300000, 0x00000000c3400000|  0%| F|  |TAMS 0x00000000c3300000, 0x00000000c3300000| Untracked 
|  30|0x00000000c3400000, 0x00000000c3400000, 0x00000000c3500000|  0%| F|  |TAMS 0x00000000c3400000, 0x00000000c3400000| Untracked 
|  31|0x00000000c3500000, 0x00000000c3500000, 0x00000000c3600000|  0%| F|  |TAMS 0x00000000c3500000, 0x00000000c3500000| Untracked 
|  32|0x00000000c3600000, 0x00000000c3600000, 0x00000000c3700000|  0%| F|  |TAMS 0x00000000c3600000, 0x00000000c3600000| Untracked 
|  33|0x00000000c3700000, 0x00000000c3700000, 0x00000000c3800000|  0%| F|  |TAMS 0x00000000c3700000, 0x00000000c3700000| Untracked 
|  34|0x00000000c3800000, 0x00000000c3800000, 0x00000000c3900000|  0%| F|  |TAMS 0x00000000c3800000, 0x00000000c3800000| Untracked 
|  35|0x00000000c3900000, 0x00000000c3900000, 0x00000000c3a00000|  0%| F|  |TAMS 0x00000000c3900000, 0x00000000c3900000| Untracked 
|  36|0x00000000c3a00000, 0x00000000c3a00000, 0x00000000c3b00000|  0%| F|  |TAMS 0x00000000c3a00000, 0x00000000c3a00000| Untracked 
|  37|0x00000000c3b00000, 0x00000000c3b00000, 0x00000000c3c00000|  0%| F|  |TAMS 0x00000000c3b00000, 0x00000000c3b00000| Untracked 
|  38|0x00000000c3c00000, 0x00000000c3c00000, 0x00000000c3d00000|  0%| F|  |TAMS 0x00000000c3c00000, 0x00000000c3c00000| Untracked 
|  39|0x00000000c3d00000, 0x00000000c3da37f0, 0x00000000c3e00000| 63%| S|CS|TAMS 0x00000000c3d00000, 0x00000000c3d00000| Complete 
|  40|0x00000000c3e00000, 0x00000000c3f00000, 0x00000000c3f00000|100%| S|CS|TAMS 0x00000000c3e00000, 0x00000000c3e00000| Complete 
|  41|0x00000000c3f00000, 0x00000000c4000000, 0x00000000c4000000|100%| S|CS|TAMS 0x00000000c3f00000, 0x00000000c3f00000| Complete 
|  42|0x00000000c4000000, 0x00000000c4000000, 0x00000000c4100000|  0%| F|  |TAMS 0x00000000c4000000, 0x00000000c4000000| Untracked 
|  43|0x00000000c4100000, 0x00000000c4100000, 0x00000000c4200000|  0%| F|  |TAMS 0x00000000c4100000, 0x00000000c4100000| Untracked 
|  44|0x00000000c4200000, 0x00000000c4200000, 0x00000000c4300000|  0%| F|  |TAMS 0x00000000c4200000, 0x00000000c4200000| Untracked 
|  45|0x00000000c4300000, 0x00000000c4300000, 0x00000000c4400000|  0%| F|  |TAMS 0x00000000c4300000, 0x00000000c4300000| Untracked 
|  46|0x00000000c4400000, 0x00000000c4400000, 0x00000000c4500000|  0%| F|  |TAMS 0x00000000c4400000, 0x00000000c4400000| Untracked 
|  47|0x00000000c4500000, 0x00000000c4500000, 0x00000000c4600000|  0%| F|  |TAMS 0x00000000c4500000, 0x00000000c4500000| Untracked 
|  48|0x00000000c4600000, 0x00000000c4600000, 0x00000000c4700000|  0%| F|  |TAMS 0x00000000c4600000, 0x00000000c4600000| Untracked 
|  49|0x00000000c4700000, 0x00000000c4700000, 0x00000000c4800000|  0%| F|  |TAMS 0x00000000c4700000, 0x00000000c4700000| Untracked 
|  50|0x00000000c4800000, 0x00000000c4800000, 0x00000000c4900000|  0%| F|  |TAMS 0x00000000c4800000, 0x00000000c4800000| Untracked 
|  51|0x00000000c4900000, 0x00000000c4939798, 0x00000000c4a00000| 22%| E|  |TAMS 0x00000000c4900000, 0x00000000c4900000| Complete 
|  52|0x00000000c4a00000, 0x00000000c4b00000, 0x00000000c4b00000|100%| E|CS|TAMS 0x00000000c4a00000, 0x00000000c4a00000| Complete 
|  53|0x00000000c4b00000, 0x00000000c4c00000, 0x00000000c4c00000|100%| E|CS|TAMS 0x00000000c4b00000, 0x00000000c4b00000| Complete 
|  54|0x00000000c4c00000, 0x00000000c4d00000, 0x00000000c4d00000|100%| E|CS|TAMS 0x00000000c4c00000, 0x00000000c4c00000| Complete 
|  55|0x00000000c4d00000, 0x00000000c4e00000, 0x00000000c4e00000|100%| E|CS|TAMS 0x00000000c4d00000, 0x00000000c4d00000| Complete 
|  56|0x00000000c4e00000, 0x00000000c4f00000, 0x00000000c4f00000|100%| E|CS|TAMS 0x00000000c4e00000, 0x00000000c4e00000| Complete 
|  57|0x00000000c4f00000, 0x00000000c5000000, 0x00000000c5000000|100%| E|CS|TAMS 0x00000000c4f00000, 0x00000000c4f00000| Complete 
|  58|0x00000000c5000000, 0x00000000c5100000, 0x00000000c5100000|100%| E|CS|TAMS 0x00000000c5000000, 0x00000000c5000000| Complete 
|  59|0x00000000c5100000, 0x00000000c5200000, 0x00000000c5200000|100%| E|CS|TAMS 0x00000000c5100000, 0x00000000c5100000| Complete 
|  60|0x00000000c5200000, 0x00000000c5300000, 0x00000000c5300000|100%| E|CS|TAMS 0x00000000c5200000, 0x00000000c5200000| Complete 
|  61|0x00000000c5300000, 0x00000000c5400000, 0x00000000c5400000|100%| E|CS|TAMS 0x00000000c5300000, 0x00000000c5300000| Complete 
|  62|0x00000000c5400000, 0x00000000c5500000, 0x00000000c5500000|100%| E|CS|TAMS 0x00000000c5400000, 0x00000000c5400000| Complete 
|  63|0x00000000c5500000, 0x00000000c5600000, 0x00000000c5600000|100%| E|CS|TAMS 0x00000000c5500000, 0x00000000c5500000| Complete 

Card table byte_map: [0x000001c873870000,0x000001c873a70000] _byte_map_base: 0x000001c873265000

Marking Bits (Prev, Next): (CMBitMap*) 0x000001c85ce2ed30, (CMBitMap*) 0x000001c85ce2ed70
 Prev Bits: [0x000001c873c70000, 0x000001c874c18000)
 Next Bits: [0x000001c874c20000, 0x000001c875bc8000)

Polling page: 0x000001c85adf0000

Metaspace:

Usage:
  Non-class:     12.62 MB used.
      Class:      1.79 MB used.
       Both:     14.42 MB used.

Virtual space:
  Non-class space:       16.00 MB reserved,      12.69 MB ( 79%) committed,  2 nodes.
      Class space:        1.00 GB reserved,       1.88 MB ( <1%) committed,  1 nodes.
             Both:        1.02 GB reserved,      14.56 MB (  1%) committed. 

Chunk freelists:
   Non-Class:  2.92 MB
       Class:  2.14 MB
        Both:  5.06 MB

MaxMetaspaceSize: unlimited
CompressedClassSpaceSize: 1.00 GB
Initial GC threshold: 21.00 MB
Current GC threshold: 21.00 MB
CDS: on
MetaspaceReclaimPolicy: balanced
 - commit_granule_bytes: 65536.
 - commit_granule_words: 8192.
 - virtual_space_node_default_size: 1048576.
 - enlarge_chunks_in_place: 1.
 - new_chunks_are_fully_committed: 0.
 - uncommit_free_chunks: 1.
 - use_allocation_guard: 0.
 - handle_deallocations: 1.


Internal statistics:

num_allocs_failed_limit: 0.
num_arena_births: 186.
num_arena_deaths: 0.
num_vsnodes_births: 3.
num_vsnodes_deaths: 0.
num_space_committed: 233.
num_space_uncommitted: 0.
num_chunks_returned_to_freelist: 0.
num_chunks_taken_from_freelist: 638.
num_chunk_merges: 0.
num_chunk_splits: 463.
num_chunks_enlarged: 378.
num_purges: 0.
num_inconsistent_stats: 0.

CodeHeap 'non-profiled nmethods': size=120000Kb used=655Kb max_used=655Kb free=119345Kb
 bounds [0x000001c86c140000, 0x000001c86c3b0000, 0x000001c873670000]
CodeHeap 'profiled nmethods': size=120000Kb used=3538Kb max_used=3538Kb free=116461Kb
 bounds [0x000001c864670000, 0x000001c8649f0000, 0x000001c86bba0000]
CodeHeap 'non-nmethods': size=5760Kb used=1191Kb max_used=1206Kb free=4568Kb
 bounds [0x000001c86bba0000, 0x000001c86be10000, 0x000001c86c140000]
 total_blobs=2347 nmethods=1855 adapters=404
 compilation: enabled
              stopped_count=0, restarted_count=0
 full_count=0

Compilation events (20 events):
Event: 3.437 Thread 0x000001c87803c180 nmethod 1833 0x000001c8649d8910 code [0x000001c8649d8ac0, 0x000001c8649d8c88]
Event: 3.437 Thread 0x000001c87803c180 1832       3       java.lang.Class::getInterfaces (6 bytes)
Event: 3.437 Thread 0x000001c87803c180 nmethod 1832 0x000001c8649d8d90 code [0x000001c8649d8f20, 0x000001c8649d9068]
Event: 3.437 Thread 0x000001c87803c180 1831       3       java.util.Arrays$ArrayList::<init> (16 bytes)
Event: 3.438 Thread 0x000001c87803c180 nmethod 1831 0x000001c8649d9110 code [0x000001c8649d92e0, 0x000001c8649d96c8]
Event: 3.438 Thread 0x000001c87803c180 1834       3       org.springframework.core.ResolvableType::asVariableResolver (18 bytes)
Event: 3.439 Thread 0x000001c87803c180 nmethod 1834 0x000001c8649d9890 code [0x000001c8649d9a40, 0x000001c8649d9d38]
Event: 3.439 Thread 0x000001c87803c180 1836       3       org.springframework.core.ResolvableType::resolve (16 bytes)
Event: 3.439 Thread 0x000001c87803c180 nmethod 1836 0x000001c8649d9e10 code [0x000001c8649d9fa0, 0x000001c8649da118]
Event: 3.439 Thread 0x000001c87803c180 1835       3       org.springframework.core.ResolvableType$DefaultVariableResolver::<init> (10 bytes)
Event: 3.439 Thread 0x000001c87803c180 nmethod 1835 0x000001c8649da190 code [0x000001c8649da320, 0x000001c8649da4d8]
Event: 3.441 Thread 0x000001c87803c180 1837       3       java.lang.Class::privateGetDeclaredMethods (64 bytes)
Event: 3.442 Thread 0x000001c87803c180 nmethod 1837 0x000001c8649da590 code [0x000001c8649da7c0, 0x000001c8649dafb8]
Event: 3.442 Thread 0x000001c87803c180 1838       3       java.lang.reflect.Constructor::setAccessible (21 bytes)
Event: 3.443 Thread 0x000001c87803c180 nmethod 1838 0x000001c8649db210 code [0x000001c8649db440, 0x000001c8649dbbf8]
Event: 3.443 Thread 0x000001c87803c180 1839       3       java.lang.reflect.Constructor::checkCanSetAccessible (29 bytes)
Event: 3.444 Thread 0x000001c87803c180 nmethod 1839 0x000001c8649dbe90 code [0x000001c8649dc060, 0x000001c8649dc338]
Event: 3.452 Thread 0x000001c87803c180 1840       3       java.util.regex.Pattern::peek (26 bytes)
Event: 3.453 Thread 0x000001c87803c180 nmethod 1840 0x000001c8649dc490 code [0x000001c8649dc640, 0x000001c8649dc8a8]
Event: 3.474 Thread 0x000001c879681430 1841   !   4       java.net.URL::<init> (543 bytes)

GC Heap History (6 events):
Event: 1.338 GC heap before
{Heap before GC invocations=0 (full 0):
 garbage-first heap   total 65536K, used 13312K [0x00000000c1600000, 0x0000000100000000)
  region size 1024K, 13 young (13312K), 0 survivors (0K)
 Metaspace       used 3110K, committed 3328K, reserved 1056768K
  class space    used 312K, committed 448K, reserved 1048576K
}
Event: 1.350 GC heap after
{Heap after GC invocations=1 (full 0):
 garbage-first heap   total 65536K, used 6112K [0x00000000c1600000, 0x0000000100000000)
  region size 1024K, 2 young (2048K), 2 survivors (2048K)
 Metaspace       used 3110K, committed 3328K, reserved 1056768K
  class space    used 312K, committed 448K, reserved 1048576K
}
Event: 2.075 GC heap before
{Heap before GC invocations=1 (full 0):
 garbage-first heap   total 65536K, used 15328K [0x00000000c1600000, 0x0000000100000000)
  region size 1024K, 12 young (12288K), 2 survivors (2048K)
 Metaspace       used 6241K, committed 6400K, reserved 1056768K
  class space    used 743K, committed 832K, reserved 1048576K
}
Event: 2.085 GC heap after
{Heap after GC invocations=2 (full 0):
 garbage-first heap   total 65536K, used 7259K [0x00000000c1600000, 0x0000000100000000)
  region size 1024K, 1 young (1024K), 1 survivors (1024K)
 Metaspace       used 6241K, committed 6400K, reserved 1056768K
  class space    used 743K, committed 832K, reserved 1048576K
}
Event: 3.166 GC heap before
{Heap before GC invocations=2 (full 0):
 garbage-first heap   total 65536K, used 28763K [0x00000000c1600000, 0x0000000100000000)
  region size 1024K, 22 young (22528K), 1 survivors (1024K)
 Metaspace       used 11842K, committed 12096K, reserved 1064960K
  class space    used 1428K, committed 1536K, reserved 1048576K
}
Event: 3.176 GC heap after
{Heap after GC invocations=3 (full 0):
 garbage-first heap   total 65536K, used 9009K [0x00000000c1600000, 0x0000000100000000)
  region size 1024K, 3 young (3072K), 3 survivors (3072K)
 Metaspace       used 11842K, committed 12096K, reserved 1064960K
  class space    used 1428K, committed 1536K, reserved 1048576K
}

Deoptimization events (20 events):
Event: 3.349 Thread 0x000001c85cdf40a0 Uncommon trap: trap_request=0xffffff45 fr.pc=0x000001c86c1a8dfc relative=0x00000000000001bc
Event: 3.349 Thread 0x000001c85cdf40a0 Uncommon trap: reason=unstable_if action=reinterpret pc=0x000001c86c1a8dfc method=java.util.concurrent.ConcurrentHashMap.addCount(JI)V @ 171 c2
Event: 3.349 Thread 0x000001c85cdf40a0 DEOPT PACKING pc=0x000001c86c1a8dfc sp=0x000000ba4c3fdcc0
Event: 3.349 Thread 0x000001c85cdf40a0 DEOPT UNPACKING pc=0x000001c86bbf23a3 sp=0x000000ba4c3fdc20 mode 2
Event: 3.349 Thread 0x000001c85cdf40a0 Uncommon trap: trap_request=0xffffff45 fr.pc=0x000001c86c1da5c8 relative=0x0000000000001368
Event: 3.349 Thread 0x000001c85cdf40a0 Uncommon trap: reason=unstable_if action=reinterpret pc=0x000001c86c1da5c8 method=java.util.concurrent.ConcurrentHashMap.transfer([Ljava/util/concurrent/ConcurrentHashMap$Node;[Ljava/util/concurrent/ConcurrentHashMap$Node;)V @ 34 c2
Event: 3.349 Thread 0x000001c85cdf40a0 DEOPT PACKING pc=0x000001c86c1da5c8 sp=0x000000ba4c3fdb30
Event: 3.349 Thread 0x000001c85cdf40a0 DEOPT UNPACKING pc=0x000001c86bbf23a3 sp=0x000000ba4c3fdae0 mode 2
Event: 3.350 Thread 0x000001c85cdf40a0 Uncommon trap: trap_request=0xffffff45 fr.pc=0x000001c86c1d7968 relative=0x0000000000001188
Event: 3.350 Thread 0x000001c85cdf40a0 Uncommon trap: reason=unstable_if action=reinterpret pc=0x000001c86c1d7968 method=java.util.concurrent.ConcurrentHashMap.transfer([Ljava/util/concurrent/ConcurrentHashMap$Node;[Ljava/util/concurrent/ConcurrentHashMap$Node;)V @ 273 c2
Event: 3.350 Thread 0x000001c85cdf40a0 DEOPT PACKING pc=0x000001c86c1d7968 sp=0x000000ba4c3fdb50
Event: 3.350 Thread 0x000001c85cdf40a0 DEOPT UNPACKING pc=0x000001c86bbf23a3 sp=0x000000ba4c3fdad8 mode 2
Event: 3.425 Thread 0x000001c85cdf40a0 Uncommon trap: trap_request=0xffffffde fr.pc=0x000001c86c193264 relative=0x0000000000000424
Event: 3.425 Thread 0x000001c85cdf40a0 Uncommon trap: reason=class_check action=maybe_recompile pc=0x000001c86c193264 method=java.util.HashMap.getNode(Ljava/lang/Object;)Ljava/util/HashMap$Node; @ 128 c2
Event: 3.425 Thread 0x000001c85cdf40a0 DEOPT PACKING pc=0x000001c86c193264 sp=0x000000ba4c3fe750
Event: 3.425 Thread 0x000001c85cdf40a0 DEOPT UNPACKING pc=0x000001c86bbf23a3 sp=0x000000ba4c3fe6c8 mode 2
Event: 3.425 Thread 0x000001c85cdf40a0 Uncommon trap: trap_request=0xffffffde fr.pc=0x000001c86c193264 relative=0x0000000000000424
Event: 3.425 Thread 0x000001c85cdf40a0 Uncommon trap: reason=class_check action=maybe_recompile pc=0x000001c86c193264 method=java.util.HashMap.getNode(Ljava/lang/Object;)Ljava/util/HashMap$Node; @ 128 c2
Event: 3.425 Thread 0x000001c85cdf40a0 DEOPT PACKING pc=0x000001c86c193264 sp=0x000000ba4c3fe750
Event: 3.425 Thread 0x000001c85cdf40a0 DEOPT UNPACKING pc=0x000001c86bbf23a3 sp=0x000000ba4c3fe6c8 mode 2

Classes unloaded (0 events):
No events

Classes redefined (0 events):
No events

Internal exceptions (20 events):
Event: 2.094 Thread 0x000001c85cdf40a0 Exception <a 'java/lang/NoSuchMethodError'{0x00000000c5516c18}: 'java.lang.Object java.lang.invoke.DirectMethodHandle$Holder.invokeSpecial(java.lang.Object, java.lang.Object, java.lang.Object, java.lang.Object, java.lang.Object, java.lang.Object, java.lang.Object, int)'> (0x00000000c5516c18) 
thrown [s\open\src\hotspot\share\interpreter\linkResolver.cpp, line 759]
Event: 2.171 Thread 0x000001c85cdf40a0 Exception <a 'java/lang/NoSuchMethodError'{0x00000000c5469c20}: 'int java.lang.invoke.DirectMethodHandle$Holder.invokeInterface(java.lang.Object, java.lang.Object)'> (0x00000000c5469c20) 
thrown [s\open\src\hotspot\share\interpreter\linkResolver.cpp, line 759]
Event: 2.185 Thread 0x000001c85cdf40a0 Exception <a 'java/lang/NoSuchMethodError'{0x00000000c548f2f8}: 'void java.lang.invoke.DirectMethodHandle$Holder.invokeSpecial(java.lang.Object, java.lang.Object, java.lang.Object, java.lang.Object, java.lang.Object)'> (0x00000000c548f2f8) 
thrown [s\open\src\hotspot\share\interpreter\linkResolver.cpp, line 759]
Event: 2.214 Thread 0x000001c85cdf40a0 Exception <a 'java/lang/NoSuchMethodError'{0x00000000c54d9168}: 'int java.lang.invoke.DirectMethodHandle$Holder.invokeVirtual(java.lang.Object, java.lang.Object)'> (0x00000000c54d9168) 
thrown [s\open\src\hotspot\share\interpreter\linkResolver.cpp, line 759]
Event: 2.253 Thread 0x000001c85cdf40a0 Exception <a 'java/lang/NoSuchMethodError'{0x00000000c5376038}: 'java.lang.Object java.lang.invoke.DirectMethodHandle$Holder.invokeSpecial(java.lang.Object, java.lang.Object, java.lang.Object, int, java.lang.Object)'> (0x00000000c5376038) 
thrown [s\open\src\hotspot\share\interpreter\linkResolver.cpp, line 759]
Event: 2.255 Thread 0x000001c85cdf40a0 Exception <a 'java/lang/NoSuchMethodError'{0x00000000c537e698}: 'java.lang.Object java.lang.invoke.DirectMethodHandle$Holder.newInvokeSpecial(java.lang.Object, java.lang.Object, java.lang.Object, int, java.lang.Object)'> (0x00000000c537e698) 
thrown [s\open\src\hotspot\share\interpreter\linkResolver.cpp, line 759]
Event: 2.256 Thread 0x000001c85cdf40a0 Exception <a 'java/lang/NoSuchMethodError'{0x00000000c5386068}: 'java.lang.Object java.lang.invoke.Invokers$Holder.linkToTargetMethod(java.lang.Object, java.lang.Object, int, java.lang.Object, java.lang.Object)'> (0x00000000c5386068) 
thrown [s\open\src\hotspot\share\interpreter\linkResolver.cpp, line 759]
Event: 2.259 Thread 0x000001c85cdf40a0 Exception <a 'java/lang/NoSuchMethodError'{0x00000000c5394d00}: 'java.lang.Object java.lang.invoke.DirectMethodHandle$Holder.newInvokeSpecial(java.lang.Object, int, java.lang.Object)'> (0x00000000c5394d00) 
thrown [s\open\src\hotspot\share\interpreter\linkResolver.cpp, line 759]
Event: 2.260 Thread 0x000001c85cdf40a0 Exception <a 'java/lang/NoSuchMethodError'{0x00000000c5399a68}: 'int java.lang.invoke.DirectMethodHandle$Holder.invokeSpecialIFC(java.lang.Object, java.lang.Object, java.lang.Object, java.lang.Object)'> (0x00000000c5399a68) 
thrown [s\open\src\hotspot\share\interpreter\linkResolver.cpp, line 759]
Event: 2.317 Thread 0x000001c85cdf40a0 Exception <a 'java/lang/NoSuchMethodError'{0x00000000c527a5a8}: 'void java.lang.invoke.DirectMethodHandle$Holder.invokeInterface(java.lang.Object, java.lang.Object, java.lang.Object)'> (0x00000000c527a5a8) 
thrown [s\open\src\hotspot\share\interpreter\linkResolver.cpp, line 759]
Event: 2.367 Thread 0x000001c85cdf40a0 Exception <a 'java/lang/NoSuchMethodError'{0x00000000c51025f8}: 'void java.lang.invoke.DirectMethodHandle$Holder.invokeStaticInit(java.lang.Object, java.lang.Object, java.lang.Object)'> (0x00000000c51025f8) 
thrown [s\open\src\hotspot\share\interpreter\linkResolver.cpp, line 759]
Event: 2.382 Thread 0x000001c85cdf40a0 Exception <a 'java/lang/NoSuchMethodError'{0x00000000c514e210}: 'java.lang.Object java.lang.invoke.DirectMethodHandle$Holder.invokeVirtual(java.lang.Object, java.lang.Object, java.lang.Object)'> (0x00000000c514e210) 
thrown [s\open\src\hotspot\share\interpreter\linkResolver.cpp, line 759]
Event: 2.394 Thread 0x000001c85cdf40a0 Exception <a 'java/lang/NoSuchMethodError'{0x00000000c516fac0}: 'java.lang.Object java.lang.invoke.DirectMethodHandle$Holder.invokeStatic(java.lang.Object, java.lang.Object, long, java.lang.Object)'> (0x00000000c516fac0) 
thrown [s\open\src\hotspot\share\interpreter\linkResolver.cpp, line 759]
Event: 2.394 Thread 0x000001c85cdf40a0 Exception <a 'java/lang/NoSuchMethodError'{0x00000000c5173558}: 'java.lang.Object java.lang.invoke.DirectMethodHandle$Holder.invokeStaticInit(java.lang.Object, java.lang.Object, long, java.lang.Object)'> (0x00000000c5173558) 
thrown [s\open\src\hotspot\share\interpreter\linkResolver.cpp, line 759]
Event: 2.395 Thread 0x000001c85cdf40a0 Exception <a 'java/lang/NoSuchMethodError'{0x00000000c5179c98}: 'java.lang.Object java.lang.invoke.DirectMethodHandle$Holder.newInvokeSpecial(java.lang.Object, java.lang.Object, long)'> (0x00000000c5179c98) 
thrown [s\open\src\hotspot\share\interpreter\linkResolver.cpp, line 759]
Event: 2.396 Thread 0x000001c85cdf40a0 Exception <a 'java/lang/NoSuchMethodError'{0x00000000c517d808}: 'java.lang.Object java.lang.invoke.Invokers$Holder.linkToTargetMethod(java.lang.Object, long, java.lang.Object)'> (0x00000000c517d808) 
thrown [s\open\src\hotspot\share\interpreter\linkResolver.cpp, line 759]
Event: 2.442 Thread 0x000001c85cdf40a0 Exception <a 'java/lang/NoSuchMethodError'{0x00000000c51f31a0}: 'void java.lang.invoke.DirectMethodHandle$Holder.invokeVirtual(java.lang.Object, java.lang.Object, java.lang.Object, java.lang.Object)'> (0x00000000c51f31a0) 
thrown [s\open\src\hotspot\share\interpreter\linkResolver.cpp, line 759]
Event: 2.600 Thread 0x000001c85cdf40a0 Exception <a 'java/lang/NoSuchMethodError'{0x00000000c4fe0ab0}: 'void java.lang.invoke.DirectMethodHandle$Holder.invokeSpecial(java.lang.Object, java.lang.Object, java.lang.Object)'> (0x00000000c4fe0ab0) 
thrown [s\open\src\hotspot\share\interpreter\linkResolver.cpp, line 759]
Event: 2.617 Thread 0x000001c85cdf40a0 Exception <a 'java/lang/IncompatibleClassChangeError'{0x00000000c4e14d30}: Found class java.lang.Object, but interface was expected> (0x00000000c4e14d30) 
thrown [s\open\src\hotspot\share\interpreter\linkResolver.cpp, line 826]
Event: 2.622 Thread 0x000001c87981dd00 Exception <a 'java/lang/NoClassDefFoundError'{0x00000000c4e7f4e8}: jakarta/validation/Validation> (0x00000000c4e7f4e8) 
thrown [s\open\src\hotspot\share\classfile\systemDictionary.cpp, line 245]

VM Operations (20 events):
Event: 1.693 Executing VM operation: HandshakeAllThreads
Event: 1.693 Executing VM operation: HandshakeAllThreads done
Event: 2.075 Executing VM operation: G1CollectForAllocation
Event: 2.085 Executing VM operation: G1CollectForAllocation done
Event: 2.589 Executing VM operation: HandshakeAllThreads
Event: 2.589 Executing VM operation: HandshakeAllThreads done
Event: 2.595 Executing VM operation: HandshakeAllThreads
Event: 2.595 Executing VM operation: HandshakeAllThreads done
Event: 2.596 Executing VM operation: HandshakeAllThreads
Event: 2.596 Executing VM operation: HandshakeAllThreads done
Event: 2.806 Executing VM operation: ICBufferFull
Event: 2.807 Executing VM operation: ICBufferFull done
Event: 3.055 Executing VM operation: HandshakeAllThreads
Event: 3.072 Executing VM operation: HandshakeAllThreads done
Event: 3.166 Executing VM operation: G1CollectForAllocation
Event: 3.176 Executing VM operation: G1CollectForAllocation done
Event: 3.321 Executing VM operation: HandshakeAllThreads
Event: 3.321 Executing VM operation: HandshakeAllThreads done
Event: 3.492 Executing VM operation: HandshakeAllThreads
Event: 3.493 Executing VM operation: HandshakeAllThreads done

Events (20 events):
Event: 3.419 loading class java/beans/BeanInfo
Event: 3.419 loading class java/beans/BeanInfo done
Event: 3.427 loading class java/beans/MethodRef
Event: 3.427 loading class java/beans/MethodRef done
Event: 3.428 loading class java/beans/SimpleBeanInfo
Event: 3.429 loading class java/beans/SimpleBeanInfo done
Event: 3.431 loading class com/sun/beans/TypeResolver
Event: 3.432 loading class com/sun/beans/TypeResolver done
Event: 3.432 loading class com/sun/beans/WeakCache
Event: 3.433 loading class com/sun/beans/WeakCache done
Event: 3.433 loading class sun/reflect/generics/scope/MethodScope
Event: 3.434 loading class sun/reflect/generics/scope/MethodScope done
Event: 3.434 loading class sun/reflect/generics/repository/MethodRepository
Event: 3.434 loading class sun/reflect/generics/repository/MethodRepository done
Event: 3.434 loading class com/sun/beans/WildcardTypeImpl
Event: 3.434 loading class com/sun/beans/WildcardTypeImpl done
Event: 3.435 loading class java/util/AbstractList$ListItr
Event: 3.435 loading class java/util/AbstractList$Itr
Event: 3.435 loading class java/util/AbstractList$Itr done
Event: 3.435 loading class java/util/AbstractList$ListItr done


Dynamic libraries:
0x00007ff645990000 - 0x00007ff6459a0000 	C:\Program Files\Java\jdk-17\bin\java.exe
0x00007ffe9da70000 - 0x00007ffe9dc68000 	C:\WINDOWS\SYSTEM32\ntdll.dll
0x00007ffe9cb50000 - 0x00007ffe9cc12000 	C:\WINDOWS\System32\KERNEL32.DLL
0x00007ffe9b350000 - 0x00007ffe9b646000 	C:\WINDOWS\System32\KERNELBASE.dll
0x00007ffe9b100000 - 0x00007ffe9b200000 	C:\WINDOWS\System32\ucrtbase.dll
0x00007ffe80610000 - 0x00007ffe80628000 	C:\Program Files\Java\jdk-17\bin\jli.dll
0x00007ffe9c140000 - 0x00007ffe9c1ef000 	C:\WINDOWS\System32\ADVAPI32.dll
0x00007ffe9c880000 - 0x00007ffe9c91e000 	C:\WINDOWS\System32\msvcrt.dll
0x00007ffe9ba90000 - 0x00007ffe9bb2f000 	C:\WINDOWS\System32\sechost.dll
0x00007ffe9d0a0000 - 0x00007ffe9d1c3000 	C:\WINDOWS\System32\RPCRT4.dll
0x00007ffe9b200000 - 0x00007ffe9b227000 	C:\WINDOWS\System32\bcrypt.dll
0x00007ffe9c670000 - 0x00007ffe9c80d000 	C:\WINDOWS\System32\USER32.dll
0x00007ffe9b860000 - 0x00007ffe9b882000 	C:\WINDOWS\System32\win32u.dll
0x00007ffe9bd40000 - 0x00007ffe9bd6b000 	C:\WINDOWS\System32\GDI32.dll
0x00007ffe9b230000 - 0x00007ffe9b34a000 	C:\WINDOWS\System32\gdi32full.dll
0x00007ffe9b910000 - 0x00007ffe9b9ad000 	C:\WINDOWS\System32\msvcp_win.dll
0x00007ffe805f0000 - 0x00007ffe8060b000 	C:\Program Files\Java\jdk-17\bin\VCRUNTIME140.dll
0x00007ffe88d70000 - 0x00007ffe8900a000 	C:\WINDOWS\WinSxS\amd64_microsoft.windows.common-controls_6595b64144ccf1df_6.0.19041.4355_none_60b8b9eb71f62e16\COMCTL32.dll
0x00007ffe99df0000 - 0x00007ffe99dfa000 	C:\WINDOWS\SYSTEM32\VERSION.dll
0x00007ffe9bb30000 - 0x00007ffe9bb5f000 	C:\WINDOWS\System32\IMM32.DLL
0x00007ffe805e0000 - 0x00007ffe805ec000 	C:\Program Files\Java\jdk-17\bin\vcruntime140_1.dll
0x00007ffe80550000 - 0x00007ffe805de000 	C:\Program Files\Java\jdk-17\bin\msvcp140.dll
0x00007ffe7f970000 - 0x00007ffe80547000 	C:\Program Files\Java\jdk-17\bin\server\jvm.dll
0x00007ffe9c930000 - 0x00007ffe9c938000 	C:\WINDOWS\System32\PSAPI.DLL
0x00007ffe82710000 - 0x00007ffe82719000 	C:\WINDOWS\SYSTEM32\WSOCK32.dll
0x00007ffe9c810000 - 0x00007ffe9c87b000 	C:\WINDOWS\System32\WS2_32.dll
0x00007ffe8ab50000 - 0x00007ffe8ab77000 	C:\WINDOWS\SYSTEM32\WINMM.dll
0x00007ffe99d50000 - 0x00007ffe99d62000 	C:\WINDOWS\SYSTEM32\kernel.appcore.dll
0x00007ffe7f5f0000 - 0x00007ffe7f5fa000 	C:\Program Files\Java\jdk-17\bin\jimage.dll
0x00007ffe90fa0000 - 0x00007ffe91184000 	C:\WINDOWS\SYSTEM32\DBGHELP.DLL
0x00007ffe90e70000 - 0x00007ffe90ea4000 	C:\WINDOWS\SYSTEM32\dbgcore.DLL
0x00007ffe9b9b0000 - 0x00007ffe9ba32000 	C:\WINDOWS\System32\bcryptPrimitives.dll
0x00007ffe973c0000 - 0x00007ffe973ce000 	C:\Program Files\Java\jdk-17\bin\instrument.dll
0x00007ffe7f5c0000 - 0x00007ffe7f5e5000 	C:\Program Files\Java\jdk-17\bin\java.dll
0x00007ffe7f410000 - 0x00007ffe7f4e7000 	C:\Program Files\Java\jdk-17\bin\jsvml.dll
0x00007ffe9d1d0000 - 0x00007ffe9d93f000 	C:\WINDOWS\System32\SHELL32.dll
0x00007ffe98ee0000 - 0x00007ffe99683000 	C:\WINDOWS\SYSTEM32\windows.storage.dll
0x00007ffe9cce0000 - 0x00007ffe9d035000 	C:\WINDOWS\System32\combase.dll
0x00007ffe9aa60000 - 0x00007ffe9aa8b000 	C:\WINDOWS\SYSTEM32\Wldp.dll
0x00007ffe9bf10000 - 0x00007ffe9bfdd000 	C:\WINDOWS\System32\OLEAUT32.dll
0x00007ffe9c000000 - 0x00007ffe9c0ad000 	C:\WINDOWS\System32\SHCORE.dll
0x00007ffe9cc20000 - 0x00007ffe9cc75000 	C:\WINDOWS\System32\shlwapi.dll
0x00007ffe9b030000 - 0x00007ffe9b055000 	C:\WINDOWS\SYSTEM32\profapi.dll
0x00007ffe7eac0000 - 0x00007ffe7ead8000 	C:\Program Files\Java\jdk-17\bin\zip.dll
0x00007ffe7eb70000 - 0x00007ffe7eb89000 	C:\Program Files\Java\jdk-17\bin\net.dll
0x00007ffe90220000 - 0x00007ffe9032a000 	C:\WINDOWS\SYSTEM32\WINHTTP.dll
0x00007ffe9a7c0000 - 0x00007ffe9a82c000 	C:\WINDOWS\system32\mswsock.dll
0x00007ffe7eae0000 - 0x00007ffe7eaf6000 	C:\Program Files\Java\jdk-17\bin\nio.dll
0x00007ffe8d3b0000 - 0x00007ffe8d3ca000 	C:\Program Files\JetBrains\IntelliJ IDEA Community Edition 2022.3.3\bin\breakgen64.dll

dbghelp: loaded successfully - version: 4.0.5 - missing functions: none
symbol engine: initialized successfully - sym options: 0x614 - pdb path: .;C:\Program Files\Java\jdk-17\bin;C:\WINDOWS\SYSTEM32;C:\WINDOWS\WinSxS\amd64_microsoft.windows.common-controls_6595b64144ccf1df_6.0.19041.4355_none_60b8b9eb71f62e16;C:\Program Files\Java\jdk-17\bin\server;C:\Program Files\JetBrains\IntelliJ IDEA Community Edition 2022.3.3\bin

VM Arguments:
jvm_args: -javaagent:C:\Program Files\JetBrains\IntelliJ IDEA Community Edition 2022.3.3\lib\idea_rt.jar=50454:C:\Program Files\JetBrains\IntelliJ IDEA Community Edition 2022.3.3\bin -Dfile.encoding=UTF-8 
java_command: com.employee.myapp.MyappApplication
java_class_path (initial): C:\Users\dell\Downloads\myapp\target\classes;C:\Users\dell\.m2\repository\org\springframework\boot\spring-boot-starter-web\3.3.12-SNAPSHOT\spring-boot-starter-web-3.3.12-20250516.152929-45.jar;C:\Users\dell\.m2\repository\org\springframework\boot\spring-boot-starter\3.3.12-SNAPSHOT\spring-boot-starter-3.3.12-20250516.152929-45.jar;C:\Users\dell\.m2\repository\org\springframework\boot\spring-boot\3.3.12-SNAPSHOT\spring-boot-3.3.12-20250516.152929-45.jar;C:\Users\dell\.m2\repository\org\springframework\boot\spring-boot-autoconfigure\3.3.12-SNAPSHOT\spring-boot-autoconfigure-3.3.12-20250516.152929-45.jar;C:\Users\dell\.m2\repository\org\springframework\boot\spring-boot-starter-logging\3.3.12-SNAPSHOT\spring-boot-starter-logging-3.3.12-20250516.152929-45.jar;C:\Users\dell\.m2\repository\ch\qos\logback\logback-classic\1.5.18\logback-classic-1.5.18.jar;C:\Users\dell\.m2\repository\ch\qos\logback\logback-core\1.5.18\logback-core-1.5.18.jar;C:\Users\dell\.m2\repository\org\apache\logging\log4j\log4j-to-slf4j\2.23.1\log4j-to-slf4j-2.23.1.jar;C:\Users\dell\.m2\repository\org\apache\logging\log4j\log4j-api\2.23.1\log4j-api-2.23.1.jar;C:\Users\dell\.m2\repository\org\slf4j\jul-to-slf4j\2.0.17\jul-to-slf4j-2.0.17.jar;C:\Users\dell\.m2\repository\jakarta\annotation\jakarta.annotation-api\2.1.1\jakarta.annotation-api-2.1.1.jar;C:\Users\dell\.m2\repository\org\yaml\snakeyaml\2.2\snakeyaml-2.2.jar;C:\Users\dell\.m2\repository\org\springframework\boot\spring-boot-starter-json\3.3.12-SNAPSHOT\spring-boot-starter-json-3.3.12-20250516.152929-45.jar;C:\Users\dell\.m2\repository\com\fasterxml\jackson\core\jackson-databind\2.17.3\jackson-databind-2.17.3.jar;C:\Users\dell\.m2\repository\com\fasterxml\jackson\core\jackson-annotations\2.17.3\jackson-annotations-2.17.3.jar;C:\Users\dell\.m2\repository\com\fasterxml\jackson\core\jackson-core\2.17.3\jackson-core-2.17.3.jar;C:\Users\dell\.m2\repository\com\fasterxml\jackson\datatype\jackson-datatype-jdk8\2.17.3\jackso
Launcher Type: SUN_STANDARD

[Global flags]
     intx CICompilerCount                          = 3                                         {product} {ergonomic}
     uint ConcGCThreads                            = 1                                         {product} {ergonomic}
     uint G1ConcRefinementThreads                  = 4                                         {product} {ergonomic}
   size_t G1HeapRegionSize                         = 1048576                                   {product} {ergonomic}
    uintx GCDrainStackTargetSize                   = 64                                        {product} {ergonomic}
   size_t InitialHeapSize                          = 67108864                                  {product} {ergonomic}
   size_t MarkStackSize                            = 4194304                                   {product} {ergonomic}
   size_t MaxHeapSize                              = 1050673152                                {product} {ergonomic}
   size_t MaxNewSize                               = 630194176                                 {product} {ergonomic}
   size_t MinHeapDeltaBytes                        = 1048576                                   {product} {ergonomic}
   size_t MinHeapSize                              = 8388608                                   {product} {ergonomic}
    uintx NonNMethodCodeHeapSize                   = 5832780                                {pd product} {ergonomic}
    uintx NonProfiledCodeHeapSize                  = 122912730                              {pd product} {ergonomic}
    uintx ProfiledCodeHeapSize                     = 122912730                              {pd product} {ergonomic}
    uintx ReservedCodeCacheSize                    = 251658240                              {pd product} {ergonomic}
     bool SegmentedCodeCache                       = true                                      {product} {ergonomic}
   size_t SoftMaxHeapSize                          = 1050673152                             {manageable} {ergonomic}
     bool UseCompressedClassPointers               = true                           {product lp64_product} {ergonomic}
     bool UseCompressedOops                        = true                           {product lp64_product} {ergonomic}
     bool UseG1GC                                  = true                                      {product} {ergonomic}
     bool UseLargePagesIndividualAllocation        = false                                  {pd product} {ergonomic}

Logging:
Log output configuration:
 #0: stdout all=warning uptime,level,tags
 #1: stderr all=off uptime,level,tags

Environment Variables:
JAVA_HOME=C:\Program Files\Java\jdk-11
PATH=C:\oraclexe\app\oracle\product\10.2.0\server\bin;C:\Python27\;C:\Python27\Scripts;C:\Program Files\Common Files\Oracle\Java\javapath;C:\ProgramData\Miniconda3;C:\ProgramData\Miniconda3\Library\mingw-w64\bin;C:\ProgramData\Miniconda3\Library\usr\bin;C:\ProgramData\Miniconda3\Library\bin;C:\ProgramData\Miniconda3\Scripts;C:\Program Files (x86)\Intel\iCLS Client\;C:\Program Files\Intel\iCLS Client\;C:\WINDOWS\system32;C:\WINDOWS;C:\WINDOWS\System32\Wbem;C:\WINDOWS\System32\WindowsPowerShell\v1.0\;C:\WINDOWS\System32\OpenSSH\;C:\Program Files (x86)\Intel\Intel(R) Management Engine Components\DAL;C:\Program Files\Intel\Intel(R) Management Engine Components\DAL;C:\Program Files (x86)\Intel\Intel(R) Management Engine Components\IPT;C:\Program Files\Intel\Intel(R) Management Engine Components\IPT;C:\Program Files (x86)\GnuWin32\bin;C:\xampp\php;C:\composer;C:\Users\dell\Downloads\gradle-5.4.1-bin\gradle-5.4.1\bin;C:\ProgramData\chocolatey\bin;C:\Users\dell\Downloads\apache-maven-3.6.3-bin\apache-maven-3.6.3\bin;C:\Program Files (x86)\Yarn\bin\;C:\ELK\elasticsearch-7.12.0-windows-x86_64\elasticsearch-7.12.0\bin;C:\ELK\logstash-7.12.0-windows-x86_64\logstash-7.12.0\bin;C:\ELK\kibana-7.12.0-windows-x86_64\bin;C:\Program Files\dotnet\;C:\Program Files\PuTTY\;C:\Program Files\Docker\Docker\resources\bin;C:\Users\dell\AppData\Local\Android\Sdk\platform-tools;%JAVA_HOME%\bin;C:\Program Files\Git\cmd;C:\Program Files\nodejs\;C:\Program Files\Amazon\AWSCLIV2\;C:\Users\dell\AppData\Local\Android\Sdk\tools;C:\Users\dell\AppData\Local\jdk-11.0.2\bin;C:\Users\dell\AppData\Local\Programs\Python\Python310\Scripts\;C:\Users\dell\AppData\Local\Programs\Python\Python310\;C:\Users\dell\Miniconda3;C:\Users\dell\Miniconda3\Library\mingw-w64\bin;C:\Users\dell\Miniconda3\Library\usr\bin;C:\Users\dell\Miniconda3\Library\bin;C:\Users\dell\Miniconda3\Scripts;C:\Users\dell\AppData\Local\Programs\Python\Python36\Scripts\;C:\Users\dell\AppData\Local\Programs\Python\Python36\;C:\Users\dell\AppData\Loc
USERNAME=sanket
OS=Windows_NT
PROCESSOR_IDENTIFIER=Intel64 Family 6 Model 69 Stepping 1, GenuineIntel



---------------  S Y S T E M  ---------------

OS:
 Windows 10 , 64 bit Build 19041 (10.0.19041.5678)
OS uptime: 36 days 0:23 hours

CPU: total 4 (initial active 4) (2 cores per cpu, 2 threads per core) family 6 model 69 stepping 1 microcode 0x25, cx8, cmov, fxsr, ht, mmx, sse, sse2, sse3, ssse3, sse4.1, sse4.2, popcnt, lzcnt, tsc, tscinvbit, avx, avx2, aes, erms, clmul, bmi1, bmi2, fma, vzeroupper, clflush

Memory: 4k page, system-wide physical 4000M (372M free)
TotalPageFile size 12120M (AvailPageFile size 1M)
current process WorkingSet (physical memory assigned to process): 106M, peak: 106M
current process commit charge ("private bytes"): 175M, peak: 176M

vm_info: Java HotSpot(TM) 64-Bit Server VM (17.0.6+9-LTS-190) for windows-amd64 JRE (17.0.6+9-LTS-190), built on Dec  6 2022 15:53:54 by "mach5one" with MS VC++ 17.1 (VS2022)

END.
