#
# There is insufficient memory for the Java Runtime Environment to continue.
# Native memory allocation (malloc) failed to allocate 747984 bytes for Chunk::new
# Possible reasons:
#   The system is out of physical RAM or swap space
#   The process is running with CompressedOops enabled, and the Java Heap may be blocking the growth of the native heap
# Possible solutions:
#   Reduce memory load on the system
#   Increase physical memory or swap space
#   Check if swap backing store is full
#   Decrease Java heap size (-Xmx/-Xms)
#   Decrease number of Java threads
#   Decrease Java thread stack sizes (-Xss)
#   Set larger code cache with -XX:ReservedCodeCacheSize=
#   JVM is running with Unscaled Compressed Oops mode in which the Java heap is
#     placed in the first 4GB address space. The Java Heap base address is the
#     maximum limit for the native heap growth. Please use -XX:HeapBaseMinAddress
#     to set the Java Heap base and to place the Java Heap above 4GB virtual address.
# This output file may be truncated or incomplete.
#
#  Out of Memory Error (arena.cpp:189), pid=9580, tid=6076
#
# JRE version: Java(TM) SE Runtime Environment (17.0.6+9) (build 17.0.6+9-LTS-190)
# Java VM: Java HotSpot(TM) 64-Bit Server VM (17.0.6+9-LTS-190, mixed mode, sharing, tiered, compressed oops, compressed class ptrs, g1 gc, windows-amd64)
# No core dump will be written. Minidumps are not enabled by default on client versions of Windows
#

---------------  S U M M A R Y ------------

Command Line: -javaagent:C:\Program Files\JetBrains\IntelliJ IDEA Community Edition 2025.1.1.1\lib\idea_rt.jar=58898 -Dfile.encoding=UTF-8 com.employee.myapp.MyappApplication

Host: Intel(R) Core(TM) i3-4030U CPU @ 1.90GHz, 4 cores, 3G,  Windows 10 , 64 bit Build 19041 (10.0.19041.5794)
Time: Thu May 29 18:52:59 2025 India Standard Time elapsed time: 10.504796 seconds (0d 0h 0m 10s)

---------------  T H R E A D  ---------------

Current thread (0x00000267920e4250):  JavaThread "C2 CompilerThread0" daemon [_thread_in_native, id=6076, stack(0x000000cd20200000,0x000000cd20300000)]


Current CompileTask:
C2:  10505 3839       4       org.springframework.boot.context.properties.source.ConfigurationPropertyName$ElementsParser::parse (234 bytes)

Stack: [0x000000cd20200000,0x000000cd20300000]
Native frames: (J=compiled Java code, j=interpreted, Vv=VM code, C=native code)
V  [jvm.dll+0x6734ea]
V  [jvm.dll+0x7d18f4]
V  [jvm.dll+0x7d309e]
V  [jvm.dll+0x7d3703]
V  [jvm.dll+0x2433c5]
V  [jvm.dll+0xaa46b]
V  [jvm.dll+0xaaa0c]
V  [jvm.dll+0x11be44]
V  [jvm.dll+0x606f73]
V  [jvm.dll+0x605634]
V  [jvm.dll+0x215c5e]
V  [jvm.dll+0x215211]
V  [jvm.dll+0x1a1730]
V  [jvm.dll+0x224b6e]
V  [jvm.dll+0x222f15]
V  [jvm.dll+0x78753c]
V  [jvm.dll+0x781a7a]
V  [jvm.dll+0x672375]
C  [ucrtbase.dll+0x21bb2]
C  [KERNEL32.DLL+0x17374]
C  [ntdll.dll+0x4cc91]


---------------  P R O C E S S  ---------------

Threads class SMR info:
_java_thread_list=0x0000026793a0a990, length=13, elements={
0x00000267f6e44e90, 0x00000267920d3700, 0x00000267920d4ca0, 0x00000267920de6f0,
0x00000267920e20d0, 0x00000267920e2990, 0x00000267920e3660, 0x00000267920e4250,
0x00000267920f20a0, 0x00000267921820e0, 0x00000267920cca10, 0x0000026792e2b890,
0x0000026792d707f0
}

Java Threads: ( => current thread )
  0x00000267f6e44e90 JavaThread "main" [_thread_in_native, id=11484, stack(0x000000cd1f500000,0x000000cd1f600000)]
  0x00000267920d3700 JavaThread "Reference Handler" daemon [_thread_blocked, id=14496, stack(0x000000cd1fc00000,0x000000cd1fd00000)]
  0x00000267920d4ca0 JavaThread "Finalizer" daemon [_thread_blocked, id=14780, stack(0x000000cd1fd00000,0x000000cd1fe00000)]
  0x00000267920de6f0 JavaThread "Signal Dispatcher" daemon [_thread_blocked, id=11152, stack(0x000000cd1fe00000,0x000000cd1ff00000)]
  0x00000267920e20d0 JavaThread "Attach Listener" daemon [_thread_blocked, id=14556, stack(0x000000cd1ff00000,0x000000cd20000000)]
  0x00000267920e2990 JavaThread "Service Thread" daemon [_thread_blocked, id=12780, stack(0x000000cd20000000,0x000000cd20100000)]
  0x00000267920e3660 JavaThread "Monitor Deflation Thread" daemon [_thread_blocked, id=15820, stack(0x000000cd20100000,0x000000cd20200000)]
=>0x00000267920e4250 JavaThread "C2 CompilerThread0" daemon [_thread_in_native, id=6076, stack(0x000000cd20200000,0x000000cd20300000)]
  0x00000267920f20a0 JavaThread "C1 CompilerThread0" daemon [_thread_blocked, id=16836, stack(0x000000cd20300000,0x000000cd20400000)]
  0x00000267921820e0 JavaThread "Sweeper thread" daemon [_thread_blocked, id=9512, stack(0x000000cd20400000,0x000000cd20500000)]
  0x00000267920cca10 JavaThread "Common-Cleaner" daemon [_thread_blocked, id=8604, stack(0x000000cd20500000,0x000000cd20600000)]
  0x0000026792e2b890 JavaThread "Monitor Ctrl-Break" daemon [_thread_in_native, id=12536, stack(0x000000cd20600000,0x000000cd20700000)]
  0x0000026792d707f0 JavaThread "Notification Thread" daemon [_thread_blocked, id=1520, stack(0x000000cd20700000,0x000000cd20800000)]

Other Threads:
  0x00000267f6f069a0 VMThread "VM Thread" [stack: 0x000000cd1fb00000,0x000000cd1fc00000] [id=16948]
  0x00000267f6ea2fa0 WatcherThread [stack: 0x000000cd20800000,0x000000cd20900000] [id=14824]
  0x00000267f6e85310 GCTaskThread "GC Thread#0" [stack: 0x000000cd1f600000,0x000000cd1f700000] [id=16784]
  0x000002679333b340 GCTaskThread "GC Thread#1" [stack: 0x000000cd20900000,0x000000cd20a00000] [id=14036]
  0x0000026793573e00 GCTaskThread "GC Thread#2" [stack: 0x000000cd20a00000,0x000000cd20b00000] [id=9464]
  0x00000267935740b0 GCTaskThread "GC Thread#3" [stack: 0x000000cd20b00000,0x000000cd20c00000] [id=1116]
  0x00000267f6e90ed0 ConcurrentGCThread "G1 Main Marker" [stack: 0x000000cd1f700000,0x000000cd1f800000] [id=14504]
  0x00000267f6e91f90 ConcurrentGCThread "G1 Conc#0" [stack: 0x000000cd1f800000,0x000000cd1f900000] [id=15180]
  0x00000267f6ee2db0 ConcurrentGCThread "G1 Refine#0" [stack: 0x000000cd1f900000,0x000000cd1fa00000] [id=7868]
  0x00000267f6ee36e0 ConcurrentGCThread "G1 Service" [stack: 0x000000cd1fa00000,0x000000cd1fb00000] [id=17216]

Threads with active compile tasks:
C2 CompilerThread0    10568 3839       4       org.springframework.boot.context.properties.source.ConfigurationPropertyName$ElementsParser::parse (234 bytes)

VM state: not at safepoint (normal execution)

VM Mutex/Monitor currently owned by a thread: None

Heap address: 0x00000000c1600000, size: 1002 MB, Compressed Oops mode: 32-bit

CDS archive(s) mapped at: [0x0000000800000000-0x0000000800bd0000-0x0000000800bd0000), size 12386304, SharedBaseAddress: 0x0000000800000000, ArchiveRelocationMode: 0.
Compressed class space mapped at: 0x0000000800c00000-0x0000000840c00000, reserved size: 1073741824
Narrow klass base: 0x0000000800000000, Narrow klass shift: 0, Narrow klass range: 0x100000000

GC Precious Log:
 CPUs: 4 total, 4 available
 Memory: 4000M
 Large Page Support: Disabled
 NUMA Support: Disabled
 Compressed Oops: Enabled (32-bit)
 Heap Region Size: 1M
 Heap Min Capacity: 8M
 Heap Initial Capacity: 64M
 Heap Max Capacity: 1002M
 Pre-touch: Disabled
 Parallel Workers: 4
 Concurrent Workers: 1
 Concurrent Refinement Workers: 4
 Periodic GC: Disabled

Heap:
 garbage-first heap   total 51200K, used 18707K [0x00000000c1600000, 0x0000000100000000)
  region size 1024K, 3 young (3072K), 2 survivors (2048K)
 Metaspace       used 30993K, committed 31424K, reserved 1081344K
  class space    used 4003K, committed 4224K, reserved 1048576K

Heap Regions: E=young(eden), S=young(survivor), O=old, HS=humongous(starts), HC=humongous(continues), CS=collection set, F=free, OA=open archive, CA=closed archive, TAMS=top-at-mark-start (previous, next)
|   0|0x00000000c1600000, 0x00000000c1700000, 0x00000000c1700000|100%|HS|  |TAMS 0x00000000c1700000, 0x00000000c1600000| Complete 
|   1|0x00000000c1700000, 0x00000000c1800000, 0x00000000c1800000|100%| O|  |TAMS 0x00000000c1800000, 0x00000000c1700000| Untracked 
|   2|0x00000000c1800000, 0x00000000c1900000, 0x00000000c1900000|100%| O|  |TAMS 0x00000000c1900000, 0x00000000c1800000| Untracked 
|   3|0x00000000c1900000, 0x00000000c1a00000, 0x00000000c1a00000|100%| O|  |TAMS 0x00000000c1a00000, 0x00000000c1900000| Untracked 
|   4|0x00000000c1a00000, 0x00000000c1b00000, 0x00000000c1b00000|100%| O|  |TAMS 0x00000000c1b00000, 0x00000000c1a00000| Untracked 
|   5|0x00000000c1b00000, 0x00000000c1c00000, 0x00000000c1c00000|100%| O|  |TAMS 0x00000000c1c00000, 0x00000000c1b00000| Untracked 
|   6|0x00000000c1c00000, 0x00000000c1d00000, 0x00000000c1d00000|100%| O|  |TAMS 0x00000000c1d00000, 0x00000000c1c00000| Untracked 
|   7|0x00000000c1d00000, 0x00000000c1e00000, 0x00000000c1e00000|100%| O|  |TAMS 0x00000000c1d5f600, 0x00000000c1d00000| Untracked 
|   8|0x00000000c1e00000, 0x00000000c1f00000, 0x00000000c1f00000|100%| O|  |TAMS 0x00000000c1e00000, 0x00000000c1e00000| Untracked 
|   9|0x00000000c1f00000, 0x00000000c2000000, 0x00000000c2000000|100%| O|  |TAMS 0x00000000c1f00000, 0x00000000c1f00000| Untracked 
|  10|0x00000000c2000000, 0x00000000c2100000, 0x00000000c2100000|100%| O|  |TAMS 0x00000000c2000000, 0x00000000c2000000| Untracked 
|  11|0x00000000c2100000, 0x00000000c21d2200, 0x00000000c2200000| 82%| O|  |TAMS 0x00000000c2100000, 0x00000000c2100000| Untracked 
|  12|0x00000000c2200000, 0x00000000c2300000, 0x00000000c2300000|100%| O|  |TAMS 0x00000000c2200000, 0x00000000c2200000| Untracked 
|  13|0x00000000c2300000, 0x00000000c2400000, 0x00000000c2400000|100%| O|  |TAMS 0x00000000c2300000, 0x00000000c2300000| Untracked 
|  14|0x00000000c2400000, 0x00000000c2500000, 0x00000000c2500000|100%| O|  |TAMS 0x00000000c2400000, 0x00000000c2400000| Untracked 
|  15|0x00000000c2500000, 0x00000000c2600000, 0x00000000c2600000|100%| O|  |TAMS 0x00000000c2500000, 0x00000000c2500000| Untracked 
|  16|0x00000000c2600000, 0x00000000c2600000, 0x00000000c2700000|  0%| F|  |TAMS 0x00000000c2600000, 0x00000000c2600000| Untracked 
|  17|0x00000000c2700000, 0x00000000c2700000, 0x00000000c2800000|  0%| F|  |TAMS 0x00000000c2700000, 0x00000000c2700000| Untracked 
|  18|0x00000000c2800000, 0x00000000c2800000, 0x00000000c2900000|  0%| F|  |TAMS 0x00000000c2800000, 0x00000000c2800000| Untracked 
|  19|0x00000000c2900000, 0x00000000c2900000, 0x00000000c2a00000|  0%| F|  |TAMS 0x00000000c2900000, 0x00000000c2900000| Untracked 
|  20|0x00000000c2a00000, 0x00000000c2abe800, 0x00000000c2b00000| 74%| O|  |TAMS 0x00000000c2a00000, 0x00000000c2a00000| Untracked 
|  21|0x00000000c2b00000, 0x00000000c2b00000, 0x00000000c2c00000|  0%| F|  |TAMS 0x00000000c2b00000, 0x00000000c2b00000| Untracked 
|  22|0x00000000c2c00000, 0x00000000c2c00000, 0x00000000c2d00000|  0%| F|  |TAMS 0x00000000c2c00000, 0x00000000c2c00000| Untracked 
|  23|0x00000000c2d00000, 0x00000000c2d00000, 0x00000000c2e00000|  0%| F|  |TAMS 0x00000000c2d00000, 0x00000000c2d00000| Untracked 
|  24|0x00000000c2e00000, 0x00000000c2e00000, 0x00000000c2f00000|  0%| F|  |TAMS 0x00000000c2e00000, 0x00000000c2e00000| Untracked 
|  25|0x00000000c2f00000, 0x00000000c2f00000, 0x00000000c3000000|  0%| F|  |TAMS 0x00000000c2f00000, 0x00000000c2f00000| Untracked 
|  26|0x00000000c3000000, 0x00000000c3000000, 0x00000000c3100000|  0%| F|  |TAMS 0x00000000c3000000, 0x00000000c3000000| Untracked 
|  27|0x00000000c3100000, 0x00000000c3100000, 0x00000000c3200000|  0%| F|  |TAMS 0x00000000c3100000, 0x00000000c3100000| Untracked 
|  28|0x00000000c3200000, 0x00000000c3200000, 0x00000000c3300000|  0%| F|  |TAMS 0x00000000c3200000, 0x00000000c3200000| Untracked 
|  29|0x00000000c3300000, 0x00000000c33b42a0, 0x00000000c3400000| 70%| S|CS|TAMS 0x00000000c3300000, 0x00000000c3300000| Complete 
|  30|0x00000000c3400000, 0x00000000c3500000, 0x00000000c3500000|100%| S|CS|TAMS 0x00000000c3400000, 0x00000000c3400000| Complete 
|  31|0x00000000c3500000, 0x00000000c3500000, 0x00000000c3600000|  0%| F|  |TAMS 0x00000000c3500000, 0x00000000c3500000| Untracked 
|  32|0x00000000c3600000, 0x00000000c3600000, 0x00000000c3700000|  0%| F|  |TAMS 0x00000000c3600000, 0x00000000c3600000| Untracked 
|  33|0x00000000c3700000, 0x00000000c3700000, 0x00000000c3800000|  0%| F|  |TAMS 0x00000000c3700000, 0x00000000c3700000| Untracked 
|  34|0x00000000c3800000, 0x00000000c3800000, 0x00000000c3900000|  0%| F|  |TAMS 0x00000000c3800000, 0x00000000c3800000| Untracked 
|  35|0x00000000c3900000, 0x00000000c3900000, 0x00000000c3a00000|  0%| F|  |TAMS 0x00000000c3900000, 0x00000000c3900000| Untracked 
|  36|0x00000000c3a00000, 0x00000000c3a00000, 0x00000000c3b00000|  0%| F|  |TAMS 0x00000000c3a00000, 0x00000000c3a00000| Untracked 
|  37|0x00000000c3b00000, 0x00000000c3b00000, 0x00000000c3c00000|  0%| F|  |TAMS 0x00000000c3b00000, 0x00000000c3b00000| Untracked 
|  38|0x00000000c3c00000, 0x00000000c3c00000, 0x00000000c3d00000|  0%| F|  |TAMS 0x00000000c3c00000, 0x00000000c3c00000| Untracked 
|  39|0x00000000c3d00000, 0x00000000c3d00000, 0x00000000c3e00000|  0%| F|  |TAMS 0x00000000c3d00000, 0x00000000c3d00000| Untracked 
|  40|0x00000000c3e00000, 0x00000000c3e00000, 0x00000000c3f00000|  0%| F|  |TAMS 0x00000000c3e00000, 0x00000000c3e00000| Untracked 
|  41|0x00000000c3f00000, 0x00000000c3f00000, 0x00000000c4000000|  0%| F|  |TAMS 0x00000000c3f00000, 0x00000000c3f00000| Untracked 
|  42|0x00000000c4000000, 0x00000000c4000000, 0x00000000c4100000|  0%| F|  |TAMS 0x00000000c4000000, 0x00000000c4000000| Untracked 
|  43|0x00000000c4100000, 0x00000000c4100000, 0x00000000c4200000|  0%| F|  |TAMS 0x00000000c4100000, 0x00000000c4100000| Untracked 
|  44|0x00000000c4200000, 0x00000000c4200000, 0x00000000c4300000|  0%| F|  |TAMS 0x00000000c4200000, 0x00000000c4200000| Untracked 
|  45|0x00000000c4300000, 0x00000000c4300000, 0x00000000c4400000|  0%| F|  |TAMS 0x00000000c4300000, 0x00000000c4300000| Untracked 
|  46|0x00000000c4400000, 0x00000000c4400000, 0x00000000c4500000|  0%| F|  |TAMS 0x00000000c4400000, 0x00000000c4400000| Untracked 
|  47|0x00000000c4500000, 0x00000000c4500000, 0x00000000c4600000|  0%| F|  |TAMS 0x00000000c4500000, 0x00000000c4500000| Untracked 
|  48|0x00000000c4600000, 0x00000000c4600000, 0x00000000c4700000|  0%| F|  |TAMS 0x00000000c4600000, 0x00000000c4600000| Untracked 
|  63|0x00000000c5500000, 0x00000000c5600000, 0x00000000c5600000|100%| E|  |TAMS 0x00000000c5500000, 0x00000000c5500000| Complete 

Card table byte_map: [0x00000267fe8c0000,0x00000267feac0000] _byte_map_base: 0x00000267fe2b5000

Marking Bits (Prev, Next): (CMBitMap*) 0x00000267f6e87890, (CMBitMap*) 0x00000267f6e87850
 Prev Bits: [0x000002678f000000, 0x000002678ffa8000)
 Next Bits: [0x00000267fecc0000, 0x00000267ffc68000)

Polling page: 0x00000267f4d50000

Metaspace:

Usage:
  Non-class:     26.36 MB used.
      Class:      3.91 MB used.
       Both:     30.27 MB used.

Virtual space:
  Non-class space:       32.00 MB reserved,      26.56 MB ( 83%) committed,  4 nodes.
      Class space:        1.00 GB reserved,       4.12 MB ( <1%) committed,  1 nodes.
             Both:        1.03 GB reserved,      30.69 MB (  3%) committed. 

Chunk freelists:
   Non-Class:  976.00 KB
       Class:  3.92 MB
        Both:  4.88 MB

MaxMetaspaceSize: unlimited
CompressedClassSpaceSize: 1.00 GB
Initial GC threshold: 21.00 MB
Current GC threshold: 35.12 MB
CDS: on
MetaspaceReclaimPolicy: balanced
 - commit_granule_bytes: 65536.
 - commit_granule_words: 8192.
 - virtual_space_node_default_size: 1048576.
 - enlarge_chunks_in_place: 1.
 - new_chunks_are_fully_committed: 0.
 - uncommit_free_chunks: 1.
 - use_allocation_guard: 0.
 - handle_deallocations: 1.


Internal statistics:

num_allocs_failed_limit: 3.
num_arena_births: 520.
num_arena_deaths: 0.
num_vsnodes_births: 5.
num_vsnodes_deaths: 0.
num_space_committed: 491.
num_space_uncommitted: 0.
num_chunks_returned_to_freelist: 3.
num_chunks_taken_from_freelist: 1649.
num_chunk_merges: 3.
num_chunk_splits: 1129.
num_chunks_enlarged: 835.
num_purges: 0.
num_inconsistent_stats: 0.

CodeHeap 'non-profiled nmethods': size=120000Kb used=1483Kb max_used=1483Kb free=118517Kb
 bounds [0x0000026787ad0000, 0x0000026787d40000, 0x000002678f000000]
CodeHeap 'profiled nmethods': size=120000Kb used=8093Kb max_used=8093Kb free=111906Kb
 bounds [0x0000026780000000, 0x00000267807f0000, 0x0000026787530000]
CodeHeap 'non-nmethods': size=5760Kb used=1224Kb max_used=1267Kb free=4535Kb
 bounds [0x0000026787530000, 0x00000267877a0000, 0x0000026787ad0000]
 total_blobs=4421 nmethods=3894 adapters=439
 compilation: enabled
              stopped_count=0, restarted_count=0
 full_count=0

Compilation events (20 events):
Event: 10.061 Thread 0x00000267920f20a0 3909       2       java.util.zip.ZipFile$ZipEntryIterator::hasNext (17 bytes)
Event: 10.061 Thread 0x00000267920f20a0 nmethod 3909 0x00000267807e5290 code [0x00000267807e5420, 0x00000267807e5538]
Event: 10.062 Thread 0x00000267920f20a0 3910       1       java.util.jar.JarFile$JarFileEntry::getName (5 bytes)
Event: 10.062 Thread 0x00000267920f20a0 nmethod 3910 0x0000026787c34d90 code [0x0000026787c34f20, 0x0000026787c34ff8]
Event: 10.062 Thread 0x00000267920f20a0 3911       1       java.util.Collections$EmptyEnumeration::hasMoreElements (2 bytes)
Event: 10.062 Thread 0x00000267920f20a0 nmethod 3911 0x0000026787c35090 code [0x0000026787c35220, 0x0000026787c352f8]
Event: 10.062 Thread 0x00000267920f20a0 3912       2       jdk.internal.loader.URLClassPath$1::next (59 bytes)
Event: 10.063 Thread 0x00000267920f20a0 nmethod 3912 0x00000267807e5610 code [0x00000267807e57e0, 0x00000267807e5ab8]
Event: 10.139 Thread 0x00000267920f20a0 3914       2       java.lang.ClassNotFoundException::<init> (7 bytes)
Event: 10.139 Thread 0x00000267920f20a0 nmethod 3914 0x00000267807e5c10 code [0x00000267807e5da0, 0x00000267807e5ec8]
Event: 10.210 Thread 0x00000267920e4250 nmethod 3750 0x0000026787c35390 code [0x0000026787c362e0, 0x0000026787c3eaa8]
Event: 10.212 Thread 0x00000267920e4250 3839       4       org.springframework.boot.context.properties.source.ConfigurationPropertyName$ElementsParser::parse (234 bytes)
Event: 10.227 Thread 0x00000267920f20a0 3916       2       java.util.zip.ZipFile$Source::getEntryPos (9 bytes)
Event: 10.227 Thread 0x00000267920f20a0 nmethod 3916 0x00000267807e5f90 code [0x00000267807e6120, 0x00000267807e6258]
Event: 10.278 Thread 0x00000267920f20a0 3917       2       java.lang.invoke.MethodHandles::identity (87 bytes)
Event: 10.279 Thread 0x00000267920f20a0 nmethod 3917 0x00000267807e6310 code [0x00000267807e64e0, 0x00000267807e6718]
Event: 10.291 Thread 0x00000267920f20a0 3918       2       jdk.internal.loader.BuiltinClassLoader$1::hasNext (93 bytes)
Event: 10.292 Thread 0x00000267920f20a0 nmethod 3918 0x00000267807e6910 code [0x00000267807e6b00, 0x00000267807e6f48]
Event: 10.294 Thread 0x00000267920f20a0 3920       2       java.util.ArrayList::<init> (63 bytes)
Event: 10.294 Thread 0x00000267920f20a0 nmethod 3920 0x00000267807e7110 code [0x00000267807e72e0, 0x00000267807e7618]

GC Heap History (14 events):
Event: 1.893 GC heap before
{Heap before GC invocations=0 (full 0):
 garbage-first heap   total 65536K, used 13312K [0x00000000c1600000, 0x0000000100000000)
  region size 1024K, 13 young (13312K), 0 survivors (0K)
 Metaspace       used 3212K, committed 3392K, reserved 1056768K
  class space    used 339K, committed 448K, reserved 1048576K
}
Event: 1.907 GC heap after
{Heap after GC invocations=1 (full 0):
 garbage-first heap   total 65536K, used 6363K [0x00000000c1600000, 0x0000000100000000)
  region size 1024K, 2 young (2048K), 2 survivors (2048K)
 Metaspace       used 3212K, committed 3392K, reserved 1056768K
  class space    used 339K, committed 448K, reserved 1048576K
}
Event: 2.794 GC heap before
{Heap before GC invocations=1 (full 0):
 garbage-first heap   total 65536K, used 17627K [0x00000000c1600000, 0x0000000100000000)
  region size 1024K, 14 young (14336K), 2 survivors (2048K)
 Metaspace       used 6664K, committed 6912K, reserved 1056768K
  class space    used 822K, committed 960K, reserved 1048576K
}
Event: 2.804 GC heap after
{Heap after GC invocations=2 (full 0):
 garbage-first heap   total 65536K, used 7529K [0x00000000c1600000, 0x0000000100000000)
  region size 1024K, 2 young (2048K), 2 survivors (2048K)
 Metaspace       used 6664K, committed 6912K, reserved 1056768K
  class space    used 822K, committed 960K, reserved 1048576K
}
Event: 3.927 GC heap before
{Heap before GC invocations=2 (full 0):
 garbage-first heap   total 65536K, used 28009K [0x00000000c1600000, 0x0000000100000000)
  region size 1024K, 23 young (23552K), 2 survivors (2048K)
 Metaspace       used 12272K, committed 12544K, reserved 1064960K
  class space    used 1507K, committed 1664K, reserved 1048576K
}
Event: 3.936 GC heap after
{Heap after GC invocations=3 (full 0):
 garbage-first heap   total 65536K, used 9317K [0x00000000c1600000, 0x0000000100000000)
  region size 1024K, 3 young (3072K), 3 survivors (3072K)
 Metaspace       used 12272K, committed 12544K, reserved 1064960K
  class space    used 1507K, committed 1664K, reserved 1048576K
}
Event: 5.681 GC heap before
{Heap before GC invocations=3 (full 0):
 garbage-first heap   total 65536K, used 42085K [0x00000000c1600000, 0x0000000100000000)
  region size 1024K, 36 young (36864K), 3 survivors (3072K)
 Metaspace       used 18345K, committed 18560K, reserved 1073152K
  class space    used 2262K, committed 2368K, reserved 1048576K
}
Event: 5.698 GC heap after
{Heap after GC invocations=4 (full 0):
 garbage-first heap   total 65536K, used 12669K [0x00000000c1600000, 0x0000000100000000)
  region size 1024K, 5 young (5120K), 5 survivors (5120K)
 Metaspace       used 18345K, committed 18560K, reserved 1073152K
  class space    used 2262K, committed 2368K, reserved 1048576K
}
Event: 6.851 GC heap before
{Heap before GC invocations=4 (full 0):
 garbage-first heap   total 65536K, used 31101K [0x00000000c1600000, 0x0000000100000000)
  region size 1024K, 25 young (25600K), 5 survivors (5120K)
 Metaspace       used 21237K, committed 21504K, reserved 1073152K
  class space    used 2661K, committed 2752K, reserved 1048576K
}
Event: 6.874 GC heap after
{Heap after GC invocations=5 (full 0):
 garbage-first heap   total 65536K, used 14152K [0x00000000c1600000, 0x0000000100000000)
  region size 1024K, 2 young (2048K), 2 survivors (2048K)
 Metaspace       used 21237K, committed 21504K, reserved 1073152K
  class space    used 2661K, committed 2752K, reserved 1048576K
}
Event: 9.094 GC heap before
{Heap before GC invocations=6 (full 0):
 garbage-first heap   total 51200K, used 41800K [0x00000000c1600000, 0x0000000100000000)
  region size 1024K, 30 young (30720K), 2 survivors (2048K)
 Metaspace       used 27102K, committed 27456K, reserved 1081344K
  class space    used 3482K, committed 3648K, reserved 1048576K
}
Event: 9.114 GC heap after
{Heap after GC invocations=7 (full 0):
 garbage-first heap   total 51200K, used 16899K [0x00000000c1600000, 0x0000000100000000)
  region size 1024K, 4 young (4096K), 4 survivors (4096K)
 Metaspace       used 27102K, committed 27456K, reserved 1081344K
  class space    used 3482K, committed 3648K, reserved 1048576K
}
Event: 10.329 GC heap before
{Heap before GC invocations=7 (full 0):
 garbage-first heap   total 51200K, used 36355K [0x00000000c1600000, 0x0000000100000000)
  region size 1024K, 23 young (23552K), 4 survivors (4096K)
 Metaspace       used 30766K, committed 31168K, reserved 1081344K
  class space    used 3968K, committed 4160K, reserved 1048576K
}
Event: 10.358 GC heap after
{Heap after GC invocations=8 (full 0):
 garbage-first heap   total 51200K, used 18707K [0x00000000c1600000, 0x0000000100000000)
  region size 1024K, 2 young (2048K), 2 survivors (2048K)
 Metaspace       used 30766K, committed 31168K, reserved 1081344K
  class space    used 3968K, committed 4160K, reserved 1048576K
}

Deoptimization events (20 events):
Event: 9.588 Thread 0x00000267f6e44e90 DEOPT PACKING pc=0x00000267804a9a54 sp=0x000000cd1f5f8160
Event: 9.588 Thread 0x00000267f6e44e90 DEOPT UNPACKING pc=0x0000026787582b43 sp=0x000000cd1f5f7638 mode 0
Event: 9.627 Thread 0x00000267f6e44e90 Uncommon trap: trap_request=0xffffff45 fr.pc=0x0000026787baeaf0 relative=0x0000000000001f90
Event: 9.627 Thread 0x00000267f6e44e90 Uncommon trap: reason=unstable_if action=reinterpret pc=0x0000026787baeaf0 method=java.util.HashMap.putVal(ILjava/lang/Object;Ljava/lang/Object;ZZ)Ljava/lang/Object; @ 94 c2
Event: 9.627 Thread 0x00000267f6e44e90 DEOPT PACKING pc=0x0000026787baeaf0 sp=0x000000cd1f5f9250
Event: 9.627 Thread 0x00000267f6e44e90 DEOPT UNPACKING pc=0x00000267875823a3 sp=0x000000cd1f5f9110 mode 2
Event: 9.636 Thread 0x00000267f6e44e90 DEOPT PACKING pc=0x00000267804a9a54 sp=0x000000cd1f5f8d30
Event: 9.636 Thread 0x00000267f6e44e90 DEOPT UNPACKING pc=0x0000026787582b43 sp=0x000000cd1f5f8208 mode 0
Event: 9.640 Thread 0x00000267f6e44e90 DEOPT PACKING pc=0x00000267804a9a54 sp=0x000000cd1f5f8d30
Event: 9.640 Thread 0x00000267f6e44e90 DEOPT UNPACKING pc=0x0000026787582b43 sp=0x000000cd1f5f8208 mode 0
Event: 9.645 Thread 0x00000267f6e44e90 DEOPT PACKING pc=0x00000267804a9a54 sp=0x000000cd1f5f8d30
Event: 9.645 Thread 0x00000267f6e44e90 DEOPT UNPACKING pc=0x0000026787582b43 sp=0x000000cd1f5f8208 mode 0
Event: 9.649 Thread 0x00000267f6e44e90 DEOPT PACKING pc=0x00000267804a9a54 sp=0x000000cd1f5f8d30
Event: 9.649 Thread 0x00000267f6e44e90 DEOPT UNPACKING pc=0x0000026787582b43 sp=0x000000cd1f5f8208 mode 0
Event: 9.682 Thread 0x00000267f6e44e90 DEOPT PACKING pc=0x00000267804a9a54 sp=0x000000cd1f5f8d30
Event: 9.682 Thread 0x00000267f6e44e90 DEOPT UNPACKING pc=0x0000026787582b43 sp=0x000000cd1f5f8208 mode 0
Event: 9.813 Thread 0x00000267f6e44e90 Uncommon trap: trap_request=0xfffffff4 fr.pc=0x0000026787be0804 relative=0x0000000000000744
Event: 9.813 Thread 0x00000267f6e44e90 Uncommon trap: reason=null_check action=make_not_entrant pc=0x0000026787be0804 method=org.springframework.beans.factory.support.DefaultListableBeanFactory.getBeanDefinition(Ljava/lang/String;)Lorg/springframework/beans/factory/config/BeanDefinition; @ 10 
Event: 9.813 Thread 0x00000267f6e44e90 DEOPT PACKING pc=0x0000026787be0804 sp=0x000000cd1f5f9610
Event: 9.813 Thread 0x00000267f6e44e90 DEOPT UNPACKING pc=0x00000267875823a3 sp=0x000000cd1f5f9548 mode 2

Classes unloaded (0 events):
No events

Classes redefined (0 events):
No events

Internal exceptions (20 events):
Event: 7.532 Thread 0x00000267f6e44e90 Exception <a 'java/lang/NoClassDefFoundError'{0x00000000c3b2f058}: org/springframework/session/jdbc/JdbcIndexedSessionRepository> (0x00000000c3b2f058) 
thrown [s\open\src\hotspot\share\classfile\systemDictionary.cpp, line 245]
Event: 7.647 Thread 0x00000267f6e44e90 Exception <a 'java/lang/NoSuchMethodError'{0x00000000c3a7dd10}: 'void java.lang.invoke.DirectMethodHandle$Holder.invokeSpecial(java.lang.Object, java.lang.Object, java.lang.Object, java.lang.Object, java.lang.Object, java.lang.Object)'> (0x00000000c3a7dd10) 
thrown [s\open\src\hotspot\share\interpreter\linkResolver.cpp, line 759]
Event: 7.977 Thread 0x00000267f6e44e90 Exception <a 'java/lang/NoSuchMethodError'{0x00000000c3794c98}: 'java.lang.Object java.lang.invoke.DirectMethodHandle$Holder.invokeSpecialIFC(java.lang.Object, java.lang.Object, java.lang.Object)'> (0x00000000c3794c98) 
thrown [s\open\src\hotspot\share\interpreter\linkResolver.cpp, line 759]
Event: 8.531 Thread 0x00000267f6e44e90 Exception <a 'java/lang/NoSuchMethodError'{0x00000000c325d7d8}: 'void java.lang.invoke.DirectMethodHandle$Holder.invokeInterface(java.lang.Object, java.lang.Object, int)'> (0x00000000c325d7d8) 
thrown [s\open\src\hotspot\share\interpreter\linkResolver.cpp, line 759]
Event: 8.545 Thread 0x00000267f6e44e90 Exception <a 'java/lang/IncompatibleClassChangeError'{0x00000000c32adae8}: Found class java.lang.Object, but interface was expected> (0x00000000c32adae8) 
thrown [s\open\src\hotspot\share\interpreter\linkResolver.cpp, line 826]
Event: 8.548 Thread 0x00000267f6e44e90 Exception <a 'java/lang/NoSuchMethodError'{0x00000000c32be620}: 'int java.lang.invoke.DirectMethodHandle$Holder.invokeSpecialIFC(java.lang.Object, java.lang.Object, java.lang.Object)'> (0x00000000c32be620) 
thrown [s\open\src\hotspot\share\interpreter\linkResolver.cpp, line 759]
Event: 8.553 Thread 0x00000267f6e44e90 Exception <a 'java/lang/NoSuchMethodError'{0x00000000c32d6f20}: 'void java.lang.invoke.DirectMethodHandle$Holder.invokeStatic(java.lang.Object, int, java.lang.Object)'> (0x00000000c32d6f20) 
thrown [s\open\src\hotspot\share\interpreter\linkResolver.cpp, line 759]
Event: 8.567 Thread 0x00000267f6e44e90 Exception <a 'java/lang/NoSuchMethodError'{0x00000000c3112368}: 'void java.lang.invoke.DirectMethodHandle$Holder.invokeVirtual(java.lang.Object, java.lang.Object, int)'> (0x00000000c3112368) 
thrown [s\open\src\hotspot\share\interpreter\linkResolver.cpp, line 759]
Event: 8.569 Thread 0x00000267f6e44e90 Exception <a 'java/lang/NoSuchMethodError'{0x00000000c3118520}: 'void java.lang.invoke.DirectMethodHandle$Holder.invokeStatic(java.lang.Object, java.lang.Object, java.lang.Object, int, java.lang.Object)'> (0x00000000c3118520) 
thrown [s\open\src\hotspot\share\interpreter\linkResolver.cpp, line 759]
Event: 8.570 Thread 0x00000267f6e44e90 Exception <a 'java/lang/NoSuchMethodError'{0x00000000c311f9a0}: 'java.lang.Object java.lang.invoke.DirectMethodHandle$Holder.newInvokeSpecial(java.lang.Object, java.lang.Object, java.lang.Object, int)'> (0x00000000c311f9a0) 
thrown [s\open\src\hotspot\share\interpreter\linkResolver.cpp, line 759]
Event: 8.571 Thread 0x00000267f6e44e90 Exception <a 'java/lang/NoSuchMethodError'{0x00000000c3123c88}: 'java.lang.Object java.lang.invoke.DirectMethodHandle$Holder.invokeSpecial(java.lang.Object, java.lang.Object, java.lang.Object, java.lang.Object, int)'> (0x00000000c3123c88) 
thrown [s\open\src\hotspot\share\interpreter\linkResolver.cpp, line 759]
Event: 8.571 Thread 0x00000267f6e44e90 Exception <a 'java/lang/NoSuchMethodError'{0x00000000c3127850}: 'java.lang.Object java.lang.invoke.Invokers$Holder.linkToTargetMethod(java.lang.Object, java.lang.Object, int, java.lang.Object)'> (0x00000000c3127850) 
thrown [s\open\src\hotspot\share\interpreter\linkResolver.cpp, line 759]
Event: 8.773 Thread 0x00000267f6e44e90 Exception <a 'java/lang/NoSuchMethodError'{0x00000000c2d22f90}: 'java.lang.Object java.lang.invoke.DirectMethodHandle$Holder.invokeStaticInit(java.lang.Object, int, int, int, int)'> (0x00000000c2d22f90) 
thrown [s\open\src\hotspot\share\interpreter\linkResolver.cpp, line 759]
Event: 8.875 Thread 0x00000267f6e44e90 Exception <a 'java/lang/NoSuchMethodError'{0x00000000c2d53778}: 'java.lang.Object java.lang.invoke.DirectMethodHandle$Holder.invokeStaticInit(java.lang.Object, java.lang.Object, int, int, int, int)'> (0x00000000c2d53778) 
thrown [s\open\src\hotspot\share\interpreter\linkResolver.cpp, line 759]
Event: 9.248 Thread 0x00000267f6e44e90 Exception <a 'java/io/FileNotFoundException'{0x00000000c4656cc0}> (0x00000000c4656cc0) 
thrown [s\open\src\hotspot\share\prims\jni.cpp, line 516]
Event: 9.325 Thread 0x00000267f6e44e90 Exception <a 'java/lang/NoSuchMethodError'{0x00000000c45c3568}: 'java.lang.Object java.lang.invoke.DirectMethodHandle$Holder.invokeSpecial(java.lang.Object, java.lang.Object, long, java.lang.Object, java.lang.Object, java.lang.Object, java.lang.Object, java.lang.Object, java.lang.Object)'> (0x00000000c45c3568) 
thrown [s\open\src\hotspot\share\interpreter\linkResolver.cpp, line 759]
Event: 9.325 Thread 0x00000267f6e44e90 Exception <a 'java/lang/NoSuchMethodError'{0x00000000c45c8090}: 'java.lang.Object java.lang.invoke.DelegatingMethodHandle$Holder.reinvoke_L(java.lang.Object, long, java.lang.Object, java.lang.Object, java.lang.Object, java.lang.Object, java.lang.Object, java.lang.Object)'> (0x00000000c45c8090) 
thrown [s\open\src\hotspot\share\interpreter\linkResolver.cpp, line 759]
Event: 9.449 Thread 0x00000267f6e44e90 Exception <a 'java/lang/NoSuchMethodError'{0x00000000c433eb10}: 'int java.lang.invoke.DirectMethodHandle$Holder.invokeInterface(java.lang.Object, java.lang.Object, java.lang.Object, java.lang.Object)'> (0x00000000c433eb10) 
thrown [s\open\src\hotspot\share\interpreter\linkResolver.cpp, line 759]
Event: 9.813 Thread 0x00000267f6e44e90 Implicit null exception at 0x0000026787be049b to 0x0000026787be07f4
Event: 9.823 Thread 0x00000267f6e44e90 Exception <a 'sun/nio/fs/WindowsException'{0x00000000c3c659c8}> (0x00000000c3c659c8) 
thrown [s\open\src\hotspot\share\prims\jni.cpp, line 516]

VM Operations (20 events):
Event: 8.697 Executing VM operation: HandshakeAllThreads
Event: 8.697 Executing VM operation: HandshakeAllThreads done
Event: 9.093 Executing VM operation: G1CollectForAllocation
Event: 9.114 Executing VM operation: G1CollectForAllocation done
Event: 9.118 Executing VM operation: HandshakeAllThreads
Event: 9.118 Executing VM operation: HandshakeAllThreads done
Event: 9.121 Executing VM operation: HandshakeAllThreads
Event: 9.121 Executing VM operation: HandshakeAllThreads done
Event: 9.224 Executing VM operation: HandshakeAllThreads
Event: 9.224 Executing VM operation: HandshakeAllThreads done
Event: 9.343 Executing VM operation: HandshakeAllThreads
Event: 9.344 Executing VM operation: HandshakeAllThreads done
Event: 9.350 Executing VM operation: HandshakeAllThreads
Event: 9.350 Executing VM operation: HandshakeAllThreads done
Event: 9.586 Executing VM operation: ICBufferFull
Event: 9.586 Executing VM operation: ICBufferFull done
Event: 10.122 Executing VM operation: HandshakeAllThreads
Event: 10.122 Executing VM operation: HandshakeAllThreads done
Event: 10.329 Executing VM operation: G1CollectForAllocation
Event: 10.362 Executing VM operation: G1CollectForAllocation done

Events (20 events):
Event: 9.523 loading class javax/crypto/spec/SecretKeySpec$1
Event: 9.523 loading class jdk/internal/access/JavaxCryptoSpecAccess
Event: 9.523 loading class jdk/internal/access/JavaxCryptoSpecAccess done
Event: 9.523 loading class javax/crypto/spec/SecretKeySpec$1 done
Event: 9.525 loading class jdk/internal/reflect/UnsafeObjectFieldAccessorImpl
Event: 9.527 loading class jdk/internal/reflect/UnsafeObjectFieldAccessorImpl done
Event: 9.534 loading class sun/reflect/misc/ReflectUtil
Event: 9.535 loading class sun/reflect/misc/ReflectUtil done
Event: 9.563 loading class java/lang/SafeVarargs
Event: 9.563 loading class java/lang/SafeVarargs done
Event: 9.567 loading class sun/reflect/generics/reflectiveObjects/GenericArrayTypeImpl
Event: 9.569 loading class sun/reflect/generics/reflectiveObjects/GenericArrayTypeImpl done
Event: 9.798 loading class javax/naming/Referenceable
Event: 9.798 loading class javax/naming/Referenceable done
Event: 9.869 loading class java/lang/instrument/ClassFileTransformer
Event: 9.869 loading class java/lang/instrument/ClassFileTransformer done
Event: 10.219 loading class java/lang/invoke/DirectMethodHandle$Special
Event: 10.220 loading class java/lang/invoke/DirectMethodHandle$Special done
Event: 10.274 loading class jdk/internal/vm/annotation/IntrinsicCandidate
Event: 10.274 loading class jdk/internal/vm/annotation/IntrinsicCandidate done


Dynamic libraries:
0x00007ff76dc30000 - 0x00007ff76dc40000 	C:\Program Files\Java\jdk-17\bin\java.exe
0x00007ff8bf3b0000 - 0x00007ff8bf5a8000 	C:\WINDOWS\SYSTEM32\ntdll.dll
0x00007ff8bf280000 - 0x00007ff8bf342000 	C:\WINDOWS\System32\KERNEL32.DLL
0x00007ff8bcc90000 - 0x00007ff8bcf86000 	C:\WINDOWS\System32\KERNELBASE.dll
0x00007ff8bd1b0000 - 0x00007ff8bd2b0000 	C:\WINDOWS\System32\ucrtbase.dll
0x00007ff89e270000 - 0x00007ff89e288000 	C:\Program Files\Java\jdk-17\bin\jli.dll
0x00007ff8bd470000 - 0x00007ff8bd51f000 	C:\WINDOWS\System32\ADVAPI32.dll
0x00007ff89e290000 - 0x00007ff89e2ab000 	C:\Program Files\Java\jdk-17\bin\VCRUNTIME140.dll
0x00007ff8be090000 - 0x00007ff8be12e000 	C:\WINDOWS\System32\msvcrt.dll
0x00007ff8be4d0000 - 0x00007ff8be56f000 	C:\WINDOWS\System32\sechost.dll
0x00007ff8bda20000 - 0x00007ff8bdb43000 	C:\WINDOWS\System32\RPCRT4.dll
0x00007ff8bd0f0000 - 0x00007ff8bd117000 	C:\WINDOWS\System32\bcrypt.dll
0x00007ff8be330000 - 0x00007ff8be4cd000 	C:\WINDOWS\System32\USER32.dll
0x00007ff8ac230000 - 0x00007ff8ac4ca000 	C:\WINDOWS\WinSxS\amd64_microsoft.windows.common-controls_6595b64144ccf1df_6.0.19041.5794_none_60bcd33171f2783c\COMCTL32.dll
0x00007ff8bd3b0000 - 0x00007ff8bd3d2000 	C:\WINDOWS\System32\win32u.dll
0x00007ff8beae0000 - 0x00007ff8beb0b000 	C:\WINDOWS\System32\GDI32.dll
0x00007ff8bca50000 - 0x00007ff8bcb6a000 	C:\WINDOWS\System32\gdi32full.dll
0x00007ff8bcbf0000 - 0x00007ff8bcc8d000 	C:\WINDOWS\System32\msvcp_win.dll
0x00007ff8bb750000 - 0x00007ff8bb75a000 	C:\WINDOWS\SYSTEM32\VERSION.dll
0x00007ff8bea00000 - 0x00007ff8bea2f000 	C:\WINDOWS\System32\IMM32.DLL
0x00007ff89e460000 - 0x00007ff89e46c000 	C:\Program Files\Java\jdk-17\bin\vcruntime140_1.dll
0x00007ff89e1e0000 - 0x00007ff89e26e000 	C:\Program Files\Java\jdk-17\bin\msvcp140.dll
0x00007ff89ced0000 - 0x00007ff89daa7000 	C:\Program Files\Java\jdk-17\bin\server\jvm.dll
0x00007ff8bd3e0000 - 0x00007ff8bd3e8000 	C:\WINDOWS\System32\PSAPI.DLL
0x00007ff89f830000 - 0x00007ff89f839000 	C:\WINDOWS\SYSTEM32\WSOCK32.dll
0x00007ff8ab0c0000 - 0x00007ff8ab0e7000 	C:\WINDOWS\SYSTEM32\WINMM.dll
0x00007ff8be260000 - 0x00007ff8be2cb000 	C:\WINDOWS\System32\WS2_32.dll
0x00007ff8bb6a0000 - 0x00007ff8bb6b2000 	C:\WINDOWS\SYSTEM32\kernel.appcore.dll
0x00007ff89e1a0000 - 0x00007ff89e1aa000 	C:\Program Files\Java\jdk-17\bin\jimage.dll
0x00007ff8a6200000 - 0x00007ff8a6401000 	C:\WINDOWS\SYSTEM32\DBGHELP.DLL
0x00007ff89e160000 - 0x00007ff89e194000 	C:\WINDOWS\SYSTEM32\dbgcore.DLL
0x00007ff8bd120000 - 0x00007ff8bd1a2000 	C:\WINDOWS\System32\bcryptPrimitives.dll
0x00007ff8b7340000 - 0x00007ff8b734e000 	C:\Program Files\Java\jdk-17\bin\instrument.dll
0x00007ff89e130000 - 0x00007ff89e155000 	C:\Program Files\Java\jdk-17\bin\java.dll
0x00007ff89dce0000 - 0x00007ff89ddb7000 	C:\Program Files\Java\jdk-17\bin\jsvml.dll
0x00007ff8beb10000 - 0x00007ff8bf27e000 	C:\WINDOWS\System32\SHELL32.dll
0x00007ff8ba830000 - 0x00007ff8bafd3000 	C:\WINDOWS\SYSTEM32\windows.storage.dll
0x00007ff8bdc00000 - 0x00007ff8bdf53000 	C:\WINDOWS\System32\combase.dll
0x00007ff8bc3b0000 - 0x00007ff8bc3db000 	C:\WINDOWS\SYSTEM32\Wldp.dll
0x00007ff8be190000 - 0x00007ff8be25d000 	C:\WINDOWS\System32\OLEAUT32.dll
0x00007ff8bea30000 - 0x00007ff8beadd000 	C:\WINDOWS\System32\SHCORE.dll
0x00007ff8be130000 - 0x00007ff8be185000 	C:\WINDOWS\System32\shlwapi.dll
0x00007ff8bc980000 - 0x00007ff8bc9a5000 	C:\WINDOWS\SYSTEM32\profapi.dll
0x00007ff89bc20000 - 0x00007ff89bc38000 	C:\Program Files\Java\jdk-17\bin\zip.dll
0x00007ff89bbb0000 - 0x00007ff89bbc9000 	C:\Program Files\Java\jdk-17\bin\net.dll
0x00007ff8b2270000 - 0x00007ff8b237a000 	C:\WINDOWS\SYSTEM32\WINHTTP.dll
0x00007ff8bc110000 - 0x00007ff8bc17c000 	C:\WINDOWS\system32\mswsock.dll
0x00007ff89bc40000 - 0x00007ff89bc56000 	C:\Program Files\Java\jdk-17\bin\nio.dll
0x00007ff89bb50000 - 0x00007ff89bb5d000 	C:\Program Files\Java\jdk-17\bin\sunmscapi.dll
0x00007ff8bcf90000 - 0x00007ff8bd0ed000 	C:\WINDOWS\System32\CRYPT32.dll
0x00007ff8bc420000 - 0x00007ff8bc447000 	C:\WINDOWS\SYSTEM32\ncrypt.dll
0x00007ff8bc3e0000 - 0x00007ff8bc41b000 	C:\WINDOWS\SYSTEM32\NTASN1.dll
0x00007ff8bc300000 - 0x00007ff8bc318000 	C:\WINDOWS\SYSTEM32\CRYPTSP.dll
0x00007ff8bba30000 - 0x00007ff8bba68000 	C:\WINDOWS\system32\rsaenh.dll
0x00007ff8bc900000 - 0x00007ff8bc92e000 	C:\WINDOWS\SYSTEM32\USERENV.dll
0x00007ff8bc320000 - 0x00007ff8bc32c000 	C:\WINDOWS\SYSTEM32\CRYPTBASE.dll
0x00007ff8bbdf0000 - 0x00007ff8bbe2b000 	C:\WINDOWS\SYSTEM32\IPHLPAPI.DLL
0x00007ff8be6a0000 - 0x00007ff8be6a8000 	C:\WINDOWS\System32\NSI.dll
0x00007ff8b2ad0000 - 0x00007ff8b2ae7000 	C:\WINDOWS\SYSTEM32\dhcpcsvc6.DLL
0x00007ff8b3dc0000 - 0x00007ff8b3ddd000 	C:\WINDOWS\SYSTEM32\dhcpcsvc.DLL
0x00007ff8bbe30000 - 0x00007ff8bbefa000 	C:\WINDOWS\SYSTEM32\DNSAPI.dll
0x00007ff89a110000 - 0x00007ff89a11a000 	C:\Program Files\Java\jdk-17\bin\management.dll
0x00007ff89a100000 - 0x00007ff89a10b000 	C:\Program Files\Java\jdk-17\bin\management_ext.dll

dbghelp: loaded successfully - version: 4.0.5 - missing functions: none
symbol engine: initialized successfully - sym options: 0x614 - pdb path: .;C:\Program Files\Java\jdk-17\bin;C:\WINDOWS\SYSTEM32;C:\WINDOWS\WinSxS\amd64_microsoft.windows.common-controls_6595b64144ccf1df_6.0.19041.5794_none_60bcd33171f2783c;C:\Program Files\Java\jdk-17\bin\server

VM Arguments:
jvm_args: -javaagent:C:\Program Files\JetBrains\IntelliJ IDEA Community Edition 2025.1.1.1\lib\idea_rt.jar=58898 -Dfile.encoding=UTF-8 
java_command: com.employee.myapp.MyappApplication
java_class_path (initial): C:\Users\dell\Downloads\myapp\target\classes;C:\Users\dell\.m2\repository\org\springframework\boot\spring-boot-starter-web\3.3.12-SNAPSHOT\spring-boot-starter-web-3.3.12-20250521.075042-57.jar;C:\Users\dell\.m2\repository\org\springframework\boot\spring-boot-starter\3.3.12-SNAPSHOT\spring-boot-starter-3.3.12-20250521.075042-57.jar;C:\Users\dell\.m2\repository\org\springframework\boot\spring-boot\3.3.12-SNAPSHOT\spring-boot-3.3.12-20250521.075042-57.jar;C:\Users\dell\.m2\repository\org\springframework\boot\spring-boot-autoconfigure\3.3.12-SNAPSHOT\spring-boot-autoconfigure-3.3.12-20250521.075042-57.jar;C:\Users\dell\.m2\repository\org\springframework\boot\spring-boot-starter-logging\3.3.12-SNAPSHOT\spring-boot-starter-logging-3.3.12-20250521.075042-57.jar;C:\Users\dell\.m2\repository\ch\qos\logback\logback-classic\1.5.18\logback-classic-1.5.18.jar;C:\Users\dell\.m2\repository\ch\qos\logback\logback-core\1.5.18\logback-core-1.5.18.jar;C:\Users\dell\.m2\repository\org\apache\logging\log4j\log4j-to-slf4j\2.23.1\log4j-to-slf4j-2.23.1.jar;C:\Users\dell\.m2\repository\org\apache\logging\log4j\log4j-api\2.23.1\log4j-api-2.23.1.jar;C:\Users\dell\.m2\repository\org\slf4j\jul-to-slf4j\2.0.17\jul-to-slf4j-2.0.17.jar;C:\Users\dell\.m2\repository\jakarta\annotation\jakarta.annotation-api\2.1.1\jakarta.annotation-api-2.1.1.jar;C:\Users\dell\.m2\repository\org\yaml\snakeyaml\2.2\snakeyaml-2.2.jar;C:\Users\dell\.m2\repository\org\springframework\boot\spring-boot-starter-json\3.3.12-SNAPSHOT\spring-boot-starter-json-3.3.12-20250521.075042-57.jar;C:\Users\dell\.m2\repository\com\fasterxml\jackson\datatype\jackson-datatype-jdk8\2.17.3\jackson-datatype-jdk8-2.17.3.jar;C:\Users\dell\.m2\repository\com\fasterxml\jackson\datatype\jackson-datatype-jsr310\2.17.3\jackson-datatype-jsr310-2.17.3.jar;C:\Users\dell\.m2\repository\com\fasterxml\jackson\module\jackson-module-parameter-names\2.17.3\jackson-module-parameter-names-2.17.3.jar;C:\Users\dell\.m2\repository\or
Launcher Type: SUN_STANDARD

[Global flags]
     intx CICompilerCount                          = 3                                         {product} {ergonomic}
     uint ConcGCThreads                            = 1                                         {product} {ergonomic}
     uint G1ConcRefinementThreads                  = 4                                         {product} {ergonomic}
   size_t G1HeapRegionSize                         = 1048576                                   {product} {ergonomic}
    uintx GCDrainStackTargetSize                   = 64                                        {product} {ergonomic}
   size_t InitialHeapSize                          = 67108864                                  {product} {ergonomic}
   size_t MarkStackSize                            = 4194304                                   {product} {ergonomic}
   size_t MaxHeapSize                              = 1050673152                                {product} {ergonomic}
   size_t MaxNewSize                               = 630194176                                 {product} {ergonomic}
   size_t MinHeapDeltaBytes                        = 1048576                                   {product} {ergonomic}
   size_t MinHeapSize                              = 8388608                                   {product} {ergonomic}
    uintx NonNMethodCodeHeapSize                   = 5832780                                {pd product} {ergonomic}
    uintx NonProfiledCodeHeapSize                  = 122912730                              {pd product} {ergonomic}
    uintx ProfiledCodeHeapSize                     = 122912730                              {pd product} {ergonomic}
    uintx ReservedCodeCacheSize                    = 251658240                              {pd product} {ergonomic}
     bool SegmentedCodeCache                       = true                                      {product} {ergonomic}
   size_t SoftMaxHeapSize                          = 1050673152                             {manageable} {ergonomic}
     bool UseCompressedClassPointers               = true                           {product lp64_product} {ergonomic}
     bool UseCompressedOops                        = true                           {product lp64_product} {ergonomic}
     bool UseG1GC                                  = true                                      {product} {ergonomic}
     bool UseLargePagesIndividualAllocation        = false                                  {pd product} {ergonomic}

Logging:
Log output configuration:
 #0: stdout all=warning uptime,level,tags
 #1: stderr all=off uptime,level,tags

Environment Variables:
JAVA_HOME=C:\Program Files\Java\jdk-11
PATH=C:\oraclexe\app\oracle\product\10.2.0\server\bin;C:\Python27\;C:\Python27\Scripts;C:\Program Files\Common Files\Oracle\Java\javapath;C:\ProgramData\Miniconda3;C:\ProgramData\Miniconda3\Library\mingw-w64\bin;C:\ProgramData\Miniconda3\Library\usr\bin;C:\ProgramData\Miniconda3\Library\bin;C:\ProgramData\Miniconda3\Scripts;C:\Program Files (x86)\Intel\iCLS Client\;C:\Program Files\Intel\iCLS Client\;C:\WINDOWS\system32;C:\WINDOWS;C:\WINDOWS\System32\Wbem;C:\WINDOWS\System32\WindowsPowerShell\v1.0\;C:\WINDOWS\System32\OpenSSH\;C:\Program Files (x86)\Intel\Intel(R) Management Engine Components\DAL;C:\Program Files\Intel\Intel(R) Management Engine Components\DAL;C:\Program Files (x86)\Intel\Intel(R) Management Engine Components\IPT;C:\Program Files\Intel\Intel(R) Management Engine Components\IPT;C:\Program Files (x86)\GnuWin32\bin;C:\xampp\php;C:\composer;C:\Users\dell\Downloads\gradle-5.4.1-bin\gradle-5.4.1\bin;C:\ProgramData\chocolatey\bin;C:\Users\dell\Downloads\apache-maven-3.6.3-bin\apache-maven-3.6.3\bin;C:\Program Files (x86)\Yarn\bin\;C:\ELK\elasticsearch-7.12.0-windows-x86_64\elasticsearch-7.12.0\bin;C:\ELK\logstash-7.12.0-windows-x86_64\logstash-7.12.0\bin;C:\ELK\kibana-7.12.0-windows-x86_64\bin;C:\Program Files\dotnet\;C:\Program Files\PuTTY\;C:\Program Files\Docker\Docker\resources\bin;C:\Users\dell\AppData\Local\Android\Sdk\platform-tools;%JAVA_HOME%\bin;C:\Program Files\Git\cmd;C:\Program Files\nodejs\;C:\Program Files\Amazon\AWSCLIV2\;C:\Users\dell\AppData\Local\Android\Sdk\tools;C:\Users\dell\AppData\Local\jdk-11.0.2\bin;C:\Users\dell\AppData\Local\Programs\Python\Python310\Scripts\;C:\Users\dell\AppData\Local\Programs\Python\Python310\;C:\Users\dell\Miniconda3;C:\Users\dell\Miniconda3\Library\mingw-w64\bin;C:\Users\dell\Miniconda3\Library\usr\bin;C:\Users\dell\Miniconda3\Library\bin;C:\Users\dell\Miniconda3\Scripts;C:\Users\dell\AppData\Local\Programs\Python\Python36\Scripts\;C:\Users\dell\AppData\Local\Programs\Python\Python36\;C:\Users\dell\AppData\Loc
USERNAME=sanket
OS=Windows_NT
PROCESSOR_IDENTIFIER=Intel64 Family 6 Model 69 Stepping 1, GenuineIntel



---------------  S Y S T E M  ---------------

OS:
 Windows 10 , 64 bit Build 19041 (10.0.19041.5794)
OS uptime: 5 days 6:56 hours

CPU: total 4 (initial active 4) (2 cores per cpu, 2 threads per core) family 6 model 69 stepping 1 microcode 0x25, cx8, cmov, fxsr, ht, mmx, sse, sse2, sse3, ssse3, sse4.1, sse4.2, popcnt, lzcnt, tsc, tscinvbit, avx, avx2, aes, erms, clmul, bmi1, bmi2, fma, vzeroupper, clflush

Memory: 4k page, system-wide physical 4000M (169M free)
TotalPageFile size 12120M (AvailPageFile size 5M)
current process WorkingSet (physical memory assigned to process): 160M, peak: 161M
current process commit charge ("private bytes"): 193M, peak: 195M

vm_info: Java HotSpot(TM) 64-Bit Server VM (17.0.6+9-LTS-190) for windows-amd64 JRE (17.0.6+9-LTS-190), built on Dec  6 2022 15:53:54 by "mach5one" with MS VC++ 17.1 (VS2022)

END.
